mode: set
go-mcp-context/internal/service/activity_log.go:20.91,28.34 3 0
go-mcp-context/internal/service/activity_log.go:28.34,34.3 1 0
go-mcp-context/internal/service/activity_log.go:37.2,39.33 3 0
go-mcp-context/internal/service/activity_log.go:39.33,41.3 1 0
go-mcp-context/internal/service/activity_log.go:43.2,47.8 1 0
go-mcp-context/internal/service/activity_log.go:51.94,52.31 1 0
go-mcp-context/internal/service/activity_log.go:52.31,54.3 1 0
go-mcp-context/internal/service/activity_log.go:56.2,63.18 3 0
go-mcp-context/internal/service/apikey.go:27.116,32.35 2 0
go-mcp-context/internal/service/apikey.go:32.35,35.3 2 0
go-mcp-context/internal/service/apikey.go:37.2,37.32 1 0
go-mcp-context/internal/service/apikey.go:37.32,39.3 1 0
go-mcp-context/internal/service/apikey.go:42.2,43.16 2 0
go-mcp-context/internal/service/apikey.go:43.16,46.3 2 0
go-mcp-context/internal/service/apikey.go:48.2,63.54 6 0
go-mcp-context/internal/service/apikey.go:63.54,66.3 2 0
go-mcp-context/internal/service/apikey.go:68.2,80.8 2 0
go-mcp-context/internal/service/apikey.go:84.82,89.35 2 0
go-mcp-context/internal/service/apikey.go:89.35,92.3 2 0
go-mcp-context/internal/service/apikey.go:94.2,95.27 2 0
go-mcp-context/internal/service/apikey.go:95.27,103.3 1 0
go-mcp-context/internal/service/apikey.go:105.2,105.19 1 0
go-mcp-context/internal/service/apikey.go:109.64,114.25 2 0
go-mcp-context/internal/service/apikey.go:114.25,117.3 2 0
go-mcp-context/internal/service/apikey.go:119.2,119.30 1 0
go-mcp-context/internal/service/apikey.go:119.30,121.3 1 0
go-mcp-context/internal/service/apikey.go:123.2,128.12 2 0
go-mcp-context/internal/service/apikey.go:132.71,134.83 1 0
go-mcp-context/internal/service/apikey.go:134.83,136.3 1 0
go-mcp-context/internal/service/apikey.go:139.2,146.35 4 0
go-mcp-context/internal/service/apikey.go:146.35,148.3 1 0
go-mcp-context/internal/service/apikey.go:151.2,151.12 1 0
go-mcp-context/internal/service/apikey.go:151.12,157.3 2 0
go-mcp-context/internal/service/apikey.go:159.2,159.28 1 0
go-mcp-context/internal/service/document.go:28.89,36.48 4 0
go-mcp-context/internal/service/document.go:36.48,40.47 2 0
go-mcp-context/internal/service/document.go:40.47,42.4 1 0
go-mcp-context/internal/service/document.go:42.9,45.100 2 0
go-mcp-context/internal/service/document.go:45.100,47.5 1 0
go-mcp-context/internal/service/document.go:51.2,54.79 2 0
go-mcp-context/internal/service/document.go:54.79,56.3 1 0
go-mcp-context/internal/service/document.go:59.2,61.15 3 0
go-mcp-context/internal/service/document.go:61.15,63.3 1 0
go-mcp-context/internal/service/document.go:64.2,64.19 1 0
go-mcp-context/internal/service/document.go:64.19,66.3 1 0
go-mcp-context/internal/service/document.go:68.2,69.113 2 0
go-mcp-context/internal/service/document.go:69.113,71.3 1 0
go-mcp-context/internal/service/document.go:73.2,78.8 1 0
go-mcp-context/internal/service/document.go:83.174,86.67 2 0
go-mcp-context/internal/service/document.go:86.67,88.3 1 0
go-mcp-context/internal/service/document.go:91.2,92.20 2 0
go-mcp-context/internal/service/document.go:92.20,93.38 1 0
go-mcp-context/internal/service/document.go:93.38,94.20 1 0
go-mcp-context/internal/service/document.go:94.20,96.10 2 0
go-mcp-context/internal/service/document.go:100.2,100.20 1 0
go-mcp-context/internal/service/document.go:100.20,102.3 1 0
go-mcp-context/internal/service/document.go:105.2,106.16 2 0
go-mcp-context/internal/service/document.go:106.16,108.3 1 0
go-mcp-context/internal/service/document.go:111.2,117.85 4 0
go-mcp-context/internal/service/document.go:117.85,119.3 1 0
go-mcp-context/internal/service/document.go:122.2,124.20 3 0
go-mcp-context/internal/service/document.go:124.20,126.3 1 0
go-mcp-context/internal/service/document.go:129.2,135.16 5 0
go-mcp-context/internal/service/document.go:135.16,137.3 1 0
go-mcp-context/internal/service/document.go:140.2,151.52 2 0
go-mcp-context/internal/service/document.go:151.52,155.3 2 0
go-mcp-context/internal/service/document.go:158.2,167.17 5 0
go-mcp-context/internal/service/document.go:171.202,174.67 2 0
go-mcp-context/internal/service/document.go:174.67,177.3 2 0
go-mcp-context/internal/service/document.go:180.2,181.20 2 0
go-mcp-context/internal/service/document.go:181.20,182.38 1 0
go-mcp-context/internal/service/document.go:182.38,183.20 1 0
go-mcp-context/internal/service/document.go:183.20,185.10 2 0
go-mcp-context/internal/service/document.go:189.2,189.20 1 0
go-mcp-context/internal/service/document.go:189.20,192.3 2 0
go-mcp-context/internal/service/document.go:195.2,196.16 2 0
go-mcp-context/internal/service/document.go:196.16,199.3 2 0
go-mcp-context/internal/service/document.go:202.2,208.85 4 0
go-mcp-context/internal/service/document.go:208.85,211.3 2 0
go-mcp-context/internal/service/document.go:214.2,216.20 3 0
go-mcp-context/internal/service/document.go:216.20,219.3 2 0
go-mcp-context/internal/service/document.go:222.2,228.16 5 0
go-mcp-context/internal/service/document.go:228.16,231.3 2 0
go-mcp-context/internal/service/document.go:234.2,245.52 2 0
go-mcp-context/internal/service/document.go:245.52,249.3 3 0
go-mcp-context/internal/service/document.go:252.2,257.17 4 0
go-mcp-context/internal/service/document.go:261.43,269.2 4 1
go-mcp-context/internal/service/document.go:272.77,274.56 2 0
go-mcp-context/internal/service/document.go:274.56,276.3 1 0
go-mcp-context/internal/service/document.go:277.2,277.18 1 0
go-mcp-context/internal/service/document.go:282.100,287.19 3 0
go-mcp-context/internal/service/document.go:287.19,289.3 1 0
go-mcp-context/internal/service/document.go:291.2,291.73 1 0
go-mcp-context/internal/service/document.go:291.73,293.3 1 0
go-mcp-context/internal/service/document.go:296.2,297.16 2 0
go-mcp-context/internal/service/document.go:297.16,299.3 1 0
go-mcp-context/internal/service/document.go:300.2,303.16 3 0
go-mcp-context/internal/service/document.go:303.16,305.3 1 0
go-mcp-context/internal/service/document.go:307.2,307.40 1 0
go-mcp-context/internal/service/document.go:312.126,317.19 3 0
go-mcp-context/internal/service/document.go:317.19,319.3 1 0
go-mcp-context/internal/service/document.go:322.2,322.20 1 0
go-mcp-context/internal/service/document.go:322.20,324.3 1 0
go-mcp-context/internal/service/document.go:324.8,324.27 1 0
go-mcp-context/internal/service/document.go:324.27,326.3 1 0
go-mcp-context/internal/service/document.go:328.2,328.88 1 0
go-mcp-context/internal/service/document.go:328.88,330.3 1 0
go-mcp-context/internal/service/document.go:332.2,332.20 1 0
go-mcp-context/internal/service/document.go:336.49,342.25 3 0
go-mcp-context/internal/service/document.go:342.25,344.3 1 0
go-mcp-context/internal/service/document.go:346.2,346.30 1 0
go-mcp-context/internal/service/document.go:346.30,348.3 1 0
go-mcp-context/internal/service/document.go:351.2,355.12 2 0
go-mcp-context/internal/service/document.go:359.37,360.13 1 1
go-mcp-context/internal/service/document.go:361.26,362.20 1 1
go-mcp-context/internal/service/document.go:363.14,364.15 1 0
go-mcp-context/internal/service/document.go:365.15,366.16 1 0
go-mcp-context/internal/service/document.go:367.32,368.19 1 0
go-mcp-context/internal/service/document.go:369.10,370.12 1 0
go-mcp-context/internal/service/document.go:375.141,382.19 4 0
go-mcp-context/internal/service/document.go:382.19,384.3 1 0
go-mcp-context/internal/service/document.go:386.2,386.16 1 0
go-mcp-context/internal/service/document.go:386.16,388.3 1 0
go-mcp-context/internal/service/document.go:391.2,391.50 1 0
go-mcp-context/internal/service/document.go:391.50,393.3 1 0
go-mcp-context/internal/service/document.go:396.2,400.35 2 0
go-mcp-context/internal/service/document.go:400.35,402.3 1 0
go-mcp-context/internal/service/document.go:404.2,404.27 1 0
go-mcp-context/internal/service/github_import.go:26.52,30.2 1 1
go-mcp-context/internal/service/github_import.go:33.99,35.2 1 1
go-mcp-context/internal/service/github_import.go:38.114,40.2 1 1
go-mcp-context/internal/service/github_import.go:43.98,44.15 1 1
go-mcp-context/internal/service/github_import.go:44.15,46.3 1 1
go-mcp-context/internal/service/github_import.go:50.190,51.25 1 1
go-mcp-context/internal/service/github_import.go:51.25,53.3 1 1
go-mcp-context/internal/service/github_import.go:56.2,57.18 2 1
go-mcp-context/internal/service/github_import.go:57.18,59.3 1 1
go-mcp-context/internal/service/github_import.go:62.2,63.67 2 1
go-mcp-context/internal/service/github_import.go:63.67,66.3 2 0
go-mcp-context/internal/service/github_import.go:69.2,70.19 2 1
go-mcp-context/internal/service/github_import.go:70.19,72.3 1 0
go-mcp-context/internal/service/github_import.go:73.2,73.15 1 1
go-mcp-context/internal/service/github_import.go:73.15,76.17 2 0
go-mcp-context/internal/service/github_import.go:76.17,79.4 2 0
go-mcp-context/internal/service/github_import.go:80.3,80.31 1 0
go-mcp-context/internal/service/github_import.go:83.2,87.16 3 1
go-mcp-context/internal/service/github_import.go:87.16,90.3 2 0
go-mcp-context/internal/service/github_import.go:93.2,94.21 2 1
go-mcp-context/internal/service/github_import.go:94.21,97.3 2 1
go-mcp-context/internal/service/github_import.go:99.2,108.19 3 1
go-mcp-context/internal/service/github_import.go:108.19,109.20 1 1
go-mcp-context/internal/service/github_import.go:109.20,111.4 1 0
go-mcp-context/internal/service/github_import.go:111.9,113.4 1 1
go-mcp-context/internal/service/github_import.go:117.2,125.37 4 1
go-mcp-context/internal/service/github_import.go:125.37,126.19 1 0
go-mcp-context/internal/service/github_import.go:126.19,128.9 2 0
go-mcp-context/internal/service/github_import.go:132.2,132.19 1 1
go-mcp-context/internal/service/github_import.go:132.19,135.3 2 0
go-mcp-context/internal/service/github_import.go:138.2,140.21 3 1
go-mcp-context/internal/service/github_import.go:140.21,142.3 1 1
go-mcp-context/internal/service/github_import.go:145.2,152.16 6 1
go-mcp-context/internal/service/github_import.go:152.16,162.27 4 1
go-mcp-context/internal/service/github_import.go:162.27,164.4 1 1
go-mcp-context/internal/service/github_import.go:165.3,165.36 1 1
go-mcp-context/internal/service/github_import.go:165.36,167.4 1 1
go-mcp-context/internal/service/github_import.go:169.3,172.30 2 1
go-mcp-context/internal/service/github_import.go:172.30,174.4 1 1
go-mcp-context/internal/service/github_import.go:177.3,177.35 1 1
go-mcp-context/internal/service/github_import.go:177.35,182.4 1 0
go-mcp-context/internal/service/github_import.go:183.8,201.30 7 0
go-mcp-context/internal/service/github_import.go:201.30,203.34 2 0
go-mcp-context/internal/service/github_import.go:203.34,206.18 3 0
go-mcp-context/internal/service/github_import.go:206.18,206.33 1 0
go-mcp-context/internal/service/github_import.go:208.5,209.75 2 0
go-mcp-context/internal/service/github_import.go:213.3,213.13 1 0
go-mcp-context/internal/service/github_import.go:213.13,216.4 2 0
go-mcp-context/internal/service/github_import.go:218.3,218.31 1 0
go-mcp-context/internal/service/github_import.go:218.31,219.25 1 0
go-mcp-context/internal/service/github_import.go:219.25,229.13 4 0
go-mcp-context/internal/service/github_import.go:231.4,231.181 1 0
go-mcp-context/internal/service/github_import.go:236.2,236.22 1 1
go-mcp-context/internal/service/github_import.go:236.22,238.58 1 1
go-mcp-context/internal/service/github_import.go:238.58,240.71 2 0
go-mcp-context/internal/service/github_import.go:240.71,241.32 1 0
go-mcp-context/internal/service/github_import.go:241.32,246.6 1 0
go-mcp-context/internal/service/github_import.go:246.11,252.6 1 0
go-mcp-context/internal/service/github_import.go:253.10,258.5 1 0
go-mcp-context/internal/service/github_import.go:262.3,265.5 1 1
go-mcp-context/internal/service/github_import.go:269.2,269.20 1 1
go-mcp-context/internal/service/github_import.go:269.20,271.3 1 1
go-mcp-context/internal/service/github_import.go:271.8,273.3 1 0
go-mcp-context/internal/service/github_import.go:275.2,282.12 2 1
go-mcp-context/internal/service/github_import.go:298.14,301.26 2 1
go-mcp-context/internal/service/github_import.go:301.26,303.3 1 1
go-mcp-context/internal/service/github_import.go:304.2,314.19 7 1
go-mcp-context/internal/service/github_import.go:314.19,316.3 1 0
go-mcp-context/internal/service/github_import.go:319.2,320.16 2 1
go-mcp-context/internal/service/github_import.go:320.16,331.3 4 0
go-mcp-context/internal/service/github_import.go:334.2,345.52 2 1
go-mcp-context/internal/service/github_import.go:345.52,348.3 2 0
go-mcp-context/internal/service/github_import.go:351.2,357.33 5 1
go-mcp-context/internal/service/github_import.go:357.33,365.34 2 1
go-mcp-context/internal/service/github_import.go:365.34,366.9 1 1
go-mcp-context/internal/service/github_import.go:368.3,368.31 1 1
go-mcp-context/internal/service/github_import.go:368.31,370.9 2 0
go-mcp-context/internal/service/github_import.go:374.2,374.22 1 1
go-mcp-context/internal/service/github_import.go:374.22,376.3 1 0
go-mcp-context/internal/service/github_import.go:376.8,378.3 1 1
go-mcp-context/internal/service/github_import.go:379.2,379.32 1 1
go-mcp-context/internal/service/library.go:31.64,32.19 1 0
go-mcp-context/internal/service/library.go:32.19,34.3 1 0
go-mcp-context/internal/service/library.go:36.2,36.23 1 0
go-mcp-context/internal/service/library.go:36.23,38.3 1 0
go-mcp-context/internal/service/library.go:42.2,44.28 3 0
go-mcp-context/internal/service/library.go:44.28,46.3 1 0
go-mcp-context/internal/service/library.go:48.2,48.12 1 0
go-mcp-context/internal/service/library.go:52.87,59.40 4 0
go-mcp-context/internal/service/library.go:59.40,61.3 1 0
go-mcp-context/internal/service/library.go:62.2,62.44 1 0
go-mcp-context/internal/service/library.go:62.44,64.3 1 0
go-mcp-context/internal/service/library.go:64.8,66.3 1 0
go-mcp-context/internal/service/library.go:69.2,69.47 1 0
go-mcp-context/internal/service/library.go:69.47,71.3 1 0
go-mcp-context/internal/service/library.go:74.2,76.15 3 0
go-mcp-context/internal/service/library.go:76.15,78.3 1 0
go-mcp-context/internal/service/library.go:79.2,79.19 1 0
go-mcp-context/internal/service/library.go:79.19,81.3 1 0
go-mcp-context/internal/service/library.go:83.2,84.81 2 0
go-mcp-context/internal/service/library.go:84.81,86.3 1 0
go-mcp-context/internal/service/library.go:88.2,93.8 1 0
go-mcp-context/internal/service/library.go:97.87,109.56 2 1
go-mcp-context/internal/service/library.go:109.56,111.3 1 0
go-mcp-context/internal/service/library.go:114.2,116.21 2 1
go-mcp-context/internal/service/library.go:120.93,126.16 3 1
go-mcp-context/internal/service/library.go:126.16,129.3 2 0
go-mcp-context/internal/service/library.go:132.2,134.72 1 1
go-mcp-context/internal/service/library.go:134.72,137.3 2 0
go-mcp-context/internal/service/library.go:139.2,139.102 1 1
go-mcp-context/internal/service/library.go:143.69,145.60 2 0
go-mcp-context/internal/service/library.go:145.60,147.3 1 0
go-mcp-context/internal/service/library.go:148.2,148.22 1 0
go-mcp-context/internal/service/library.go:152.85,154.91 2 0
go-mcp-context/internal/service/library.go:154.91,156.3 1 0
go-mcp-context/internal/service/library.go:157.2,157.22 1 0
go-mcp-context/internal/service/library.go:171.129,174.16 2 0
go-mcp-context/internal/service/library.go:174.16,176.3 1 0
go-mcp-context/internal/service/library.go:179.2,180.24 2 0
go-mcp-context/internal/service/library.go:180.24,182.3 1 0
go-mcp-context/internal/service/library.go:185.2,187.16 3 0
go-mcp-context/internal/service/library.go:187.16,189.3 1 0
go-mcp-context/internal/service/library.go:192.2,195.23 4 0
go-mcp-context/internal/service/library.go:195.23,196.112 1 0
go-mcp-context/internal/service/library.go:196.112,199.4 2 0
go-mcp-context/internal/service/library.go:203.2,214.56 2 0
go-mcp-context/internal/service/library.go:214.56,216.3 1 0
go-mcp-context/internal/service/library.go:219.2,226.8 2 0
go-mcp-context/internal/service/library.go:230.96,232.60 2 0
go-mcp-context/internal/service/library.go:232.60,234.3 1 0
go-mcp-context/internal/service/library.go:237.2,240.23 1 0
go-mcp-context/internal/service/library.go:240.23,242.3 1 0
go-mcp-context/internal/service/library.go:245.2,251.22 4 0
go-mcp-context/internal/service/library.go:255.48,261.25 3 1
go-mcp-context/internal/service/library.go:261.25,263.3 1 0
go-mcp-context/internal/service/library.go:265.2,265.30 1 1
go-mcp-context/internal/service/library.go:265.30,267.3 1 0
go-mcp-context/internal/service/library.go:270.2,277.12 3 1
go-mcp-context/internal/service/library.go:281.79,290.16 3 0
go-mcp-context/internal/service/library.go:290.16,292.3 1 0
go-mcp-context/internal/service/library.go:294.2,294.23 1 0
go-mcp-context/internal/service/library.go:298.75,301.37 2 0
go-mcp-context/internal/service/library.go:301.37,303.3 1 0
go-mcp-context/internal/service/library.go:304.2,304.22 1 0
go-mcp-context/internal/service/library.go:308.81,310.60 2 0
go-mcp-context/internal/service/library.go:310.60,312.3 1 0
go-mcp-context/internal/service/library.go:315.2,344.8 5 0
go-mcp-context/internal/service/library.go:349.96,356.40 4 0
go-mcp-context/internal/service/library.go:356.40,362.46 4 0
go-mcp-context/internal/service/library.go:362.46,365.35 2 0
go-mcp-context/internal/service/library.go:365.35,367.5 1 0
go-mcp-context/internal/service/library.go:368.4,368.43 1 0
go-mcp-context/internal/service/library.go:369.9,372.4 1 0
go-mcp-context/internal/service/library.go:374.2,374.44 1 0
go-mcp-context/internal/service/library.go:374.44,376.3 1 0
go-mcp-context/internal/service/library.go:376.8,378.3 1 0
go-mcp-context/internal/service/library.go:381.2,381.47 1 0
go-mcp-context/internal/service/library.go:381.47,383.3 1 0
go-mcp-context/internal/service/library.go:386.2,388.15 3 0
go-mcp-context/internal/service/library.go:388.15,390.3 1 0
go-mcp-context/internal/service/library.go:391.2,391.19 1 0
go-mcp-context/internal/service/library.go:391.19,393.3 1 0
go-mcp-context/internal/service/library.go:395.2,399.47 3 0
go-mcp-context/internal/service/library.go:399.47,404.3 2 0
go-mcp-context/internal/service/library.go:406.2,406.93 1 0
go-mcp-context/internal/service/library.go:406.93,408.3 1 0
go-mcp-context/internal/service/library.go:411.2,412.32 2 0
go-mcp-context/internal/service/library.go:412.32,433.3 3 0
go-mcp-context/internal/service/library.go:435.2,440.8 1 0
go-mcp-context/internal/service/library.go:444.86,447.67 2 0
go-mcp-context/internal/service/library.go:447.67,449.3 1 0
go-mcp-context/internal/service/library.go:452.2,463.34 3 0
go-mcp-context/internal/service/library.go:463.34,465.3 1 0
go-mcp-context/internal/service/library.go:468.2,469.29 2 0
go-mcp-context/internal/service/library.go:469.29,471.3 1 0
go-mcp-context/internal/service/library.go:473.2,476.54 2 0
go-mcp-context/internal/service/library.go:476.54,483.3 1 0
go-mcp-context/internal/service/library.go:483.8,490.3 1 0
go-mcp-context/internal/service/library.go:493.2,493.50 1 0
go-mcp-context/internal/service/library.go:493.50,495.34 2 0
go-mcp-context/internal/service/library.go:495.34,502.4 1 0
go-mcp-context/internal/service/library.go:502.9,509.4 1 0
go-mcp-context/internal/service/library.go:512.2,512.22 1 0
go-mcp-context/internal/service/library.go:516.78,518.52 1 0
go-mcp-context/internal/service/library.go:518.52,520.3 1 0
go-mcp-context/internal/service/library.go:523.2,523.51 1 0
go-mcp-context/internal/service/library.go:523.51,525.3 1 0
go-mcp-context/internal/service/library.go:528.2,529.67 2 0
go-mcp-context/internal/service/library.go:529.67,531.3 1 0
go-mcp-context/internal/service/library.go:534.2,535.37 2 0
go-mcp-context/internal/service/library.go:535.37,536.19 1 0
go-mcp-context/internal/service/library.go:536.19,538.9 2 0
go-mcp-context/internal/service/library.go:542.2,542.20 1 0
go-mcp-context/internal/service/library.go:542.20,544.3 1 0
go-mcp-context/internal/service/library.go:547.2,550.35 2 0
go-mcp-context/internal/service/library.go:550.35,552.3 1 0
go-mcp-context/internal/service/library.go:555.2,558.93 2 0
go-mcp-context/internal/service/library.go:558.93,560.3 1 0
go-mcp-context/internal/service/library.go:562.2,562.12 1 0
go-mcp-context/internal/service/library.go:566.78,569.67 2 0
go-mcp-context/internal/service/library.go:569.67,571.3 1 0
go-mcp-context/internal/service/library.go:574.2,577.35 2 0
go-mcp-context/internal/service/library.go:577.35,579.3 1 0
go-mcp-context/internal/service/library.go:581.2,581.16 1 0
go-mcp-context/internal/service/library.go:581.16,583.3 1 0
go-mcp-context/internal/service/library.go:586.2,593.40 3 0
go-mcp-context/internal/service/library.go:593.40,596.3 2 0
go-mcp-context/internal/service/library.go:599.2,600.54 1 0
go-mcp-context/internal/service/library.go:600.54,603.3 2 0
go-mcp-context/internal/service/library.go:606.2,607.55 1 0
go-mcp-context/internal/service/library.go:607.55,610.3 2 0
go-mcp-context/internal/service/library.go:613.2,614.37 2 0
go-mcp-context/internal/service/library.go:614.37,615.19 1 0
go-mcp-context/internal/service/library.go:615.19,617.4 1 0
go-mcp-context/internal/service/library.go:621.2,626.39 2 0
go-mcp-context/internal/service/library.go:626.39,627.27 1 0
go-mcp-context/internal/service/library.go:627.27,629.4 1 0
go-mcp-context/internal/service/library.go:629.9,631.4 1 0
go-mcp-context/internal/service/library.go:634.2,634.66 1 0
go-mcp-context/internal/service/library.go:634.66,637.3 2 0
go-mcp-context/internal/service/library.go:639.2,639.42 1 0
go-mcp-context/internal/service/library.go:639.42,641.3 1 0
go-mcp-context/internal/service/library.go:643.2,643.12 1 0
go-mcp-context/internal/service/library.go:647.95,653.67 3 0
go-mcp-context/internal/service/library.go:653.67,655.3 1 0
go-mcp-context/internal/service/library.go:658.2,661.35 2 0
go-mcp-context/internal/service/library.go:661.35,663.3 1 0
go-mcp-context/internal/service/library.go:665.2,665.16 1 0
go-mcp-context/internal/service/library.go:665.16,667.3 1 0
go-mcp-context/internal/service/library.go:670.2,672.38 2 0
go-mcp-context/internal/service/library.go:672.38,674.3 1 0
go-mcp-context/internal/service/library.go:677.2,688.32 4 0
go-mcp-context/internal/service/library.go:688.32,691.55 1 0
go-mcp-context/internal/service/library.go:691.55,694.4 2 0
go-mcp-context/internal/service/library.go:697.3,697.77 1 0
go-mcp-context/internal/service/library.go:697.77,700.4 2 0
go-mcp-context/internal/service/library.go:703.2,703.42 1 0
go-mcp-context/internal/service/library.go:703.42,705.3 1 0
go-mcp-context/internal/service/library.go:708.2,708.12 1 0
go-mcp-context/internal/service/library.go:708.12,714.33 5 0
go-mcp-context/internal/service/library.go:714.33,717.14 3 0
go-mcp-context/internal/service/library.go:717.14,725.19 4 0
go-mcp-context/internal/service/library.go:725.19,733.6 7 0
go-mcp-context/internal/service/library.go:734.5,736.19 3 0
go-mcp-context/internal/service/library.go:736.19,744.6 7 0
go-mcp-context/internal/service/library.go:746.5,747.83 2 0
go-mcp-context/internal/service/library.go:747.83,754.6 6 0
go-mcp-context/internal/service/library.go:756.5,758.16 3 0
go-mcp-context/internal/service/library.go:763.3,766.21 2 0
go-mcp-context/internal/service/library.go:766.21,768.4 1 0
go-mcp-context/internal/service/library.go:768.9,770.4 1 0
go-mcp-context/internal/service/library.go:772.3,772.148 1 0
go-mcp-context/internal/service/library.go:775.2,777.12 2 0
go-mcp-context/internal/service/library.go:782.141,793.67 5 0
go-mcp-context/internal/service/library.go:793.67,796.3 2 0
go-mcp-context/internal/service/library.go:799.2,801.38 2 0
go-mcp-context/internal/service/library.go:801.38,804.3 2 0
go-mcp-context/internal/service/library.go:806.2,806.25 1 0
go-mcp-context/internal/service/library.go:806.25,809.3 2 0
go-mcp-context/internal/service/library.go:811.2,836.32 10 0
go-mcp-context/internal/service/library.go:836.32,849.17 4 0
go-mcp-context/internal/service/library.go:849.17,860.12 4 0
go-mcp-context/internal/service/library.go:862.3,864.17 3 0
go-mcp-context/internal/service/library.go:864.17,875.12 4 0
go-mcp-context/internal/service/library.go:879.3,881.17 3 0
go-mcp-context/internal/service/library.go:881.17,892.12 4 0
go-mcp-context/internal/service/library.go:895.3,904.4 3 0
go-mcp-context/internal/service/library.go:908.2,908.23 1 0
go-mcp-context/internal/service/library.go:908.23,911.3 2 0
go-mcp-context/internal/service/library.go:914.2,922.33 3 0
go-mcp-context/internal/service/library.go:922.33,923.24 1 0
go-mcp-context/internal/service/library.go:923.24,926.12 2 0
go-mcp-context/internal/service/library.go:930.3,930.29 1 0
go-mcp-context/internal/service/library.go:930.29,931.71 1 0
go-mcp-context/internal/service/library.go:931.71,936.5 4 0
go-mcp-context/internal/service/library.go:941.3,943.50 1 0
go-mcp-context/internal/service/library.go:943.50,948.4 4 0
go-mcp-context/internal/service/library.go:951.3,953.49 1 0
go-mcp-context/internal/service/library.go:953.49,958.4 4 0
go-mcp-context/internal/service/library.go:961.3,965.24 1 0
go-mcp-context/internal/service/library.go:965.24,970.4 4 0
go-mcp-context/internal/service/library.go:973.2,973.42 1 0
go-mcp-context/internal/service/library.go:973.42,977.3 3 0
go-mcp-context/internal/service/library.go:980.2,980.12 1 0
go-mcp-context/internal/service/library.go:980.12,983.26 2 0
go-mcp-context/internal/service/library.go:983.26,985.4 1 0
go-mcp-context/internal/service/library.go:985.9,985.37 1 0
go-mcp-context/internal/service/library.go:985.37,987.4 1 0
go-mcp-context/internal/service/library.go:991.2,992.81 2 0
go-mcp-context/internal/service/library.go:992.81,994.3 1 0
go-mcp-context/internal/service/library.go:997.2,997.27 1 0
go-mcp-context/internal/service/library.go:997.27,999.3 1 0
go-mcp-context/internal/service/library.go:999.8,1001.3 1 0
go-mcp-context/internal/service/library.go:1003.2,1010.134 2 0
go-mcp-context/internal/service/mcp.go:23.34,27.2 1 1
go-mcp-context/internal/service/mcp.go:31.115,37.45 4 1
go-mcp-context/internal/service/mcp.go:37.45,39.3 1 1
go-mcp-context/internal/service/mcp.go:39.8,47.17 2 0
go-mcp-context/internal/service/mcp.go:47.17,49.4 1 0
go-mcp-context/internal/service/mcp.go:52.3,52.25 1 0
go-mcp-context/internal/service/mcp.go:52.25,60.4 3 0
go-mcp-context/internal/service/mcp.go:64.2,68.32 2 1
go-mcp-context/internal/service/mcp.go:68.32,80.25 5 1
go-mcp-context/internal/service/mcp.go:80.25,82.24 2 1
go-mcp-context/internal/service/mcp.go:82.24,84.5 1 0
go-mcp-context/internal/service/mcp.go:85.4,85.35 1 1
go-mcp-context/internal/service/mcp.go:89.3,90.27 2 1
go-mcp-context/internal/service/mcp.go:90.27,92.4 1 0
go-mcp-context/internal/service/mcp.go:94.3,102.5 1 1
go-mcp-context/internal/service/mcp.go:106.2,108.20 2 1
go-mcp-context/internal/service/mcp.go:115.112,118.27 2 0
go-mcp-context/internal/service/mcp.go:118.27,120.3 1 0
go-mcp-context/internal/service/mcp.go:121.2,127.23 4 0
go-mcp-context/internal/service/mcp.go:127.23,130.17 3 0
go-mcp-context/internal/service/mcp.go:130.17,132.4 1 0
go-mcp-context/internal/service/mcp.go:133.3,133.25 1 0
go-mcp-context/internal/service/mcp.go:137.2,145.16 2 0
go-mcp-context/internal/service/mcp.go:145.16,147.3 1 0
go-mcp-context/internal/service/mcp.go:149.2,150.41 2 0
go-mcp-context/internal/service/mcp.go:150.41,163.23 2 0
go-mcp-context/internal/service/mcp.go:163.23,165.4 1 0
go-mcp-context/internal/service/mcp.go:166.3,166.37 1 0
go-mcp-context/internal/service/mcp.go:170.2,170.19 1 0
go-mcp-context/internal/service/mcp.go:170.19,172.3 1 0
go-mcp-context/internal/service/mcp.go:174.2,179.8 1 0
go-mcp-context/internal/service/mcp.go:183.54,188.19 3 1
go-mcp-context/internal/service/mcp.go:188.19,190.3 1 0
go-mcp-context/internal/service/mcp.go:193.2,193.36 1 1
go-mcp-context/internal/service/mcp.go:193.36,195.3 1 1
go-mcp-context/internal/service/mcp.go:198.2,198.35 1 1
go-mcp-context/internal/service/mcp.go:198.35,200.3 1 0
go-mcp-context/internal/service/mcp.go:203.2,204.24 2 1
go-mcp-context/internal/service/mcp.go:204.24,206.3 1 1
go-mcp-context/internal/service/mcp.go:207.2,207.17 1 1
go-mcp-context/internal/service/mcp.go:207.17,209.3 1 0
go-mcp-context/internal/service/mcp.go:211.2,214.20 3 1
go-mcp-context/internal/service/mcp.go:214.20,216.3 1 0
go-mcp-context/internal/service/mcp.go:217.2,217.25 1 1
go-mcp-context/internal/service/mcp.go:221.67,228.16 3 1
go-mcp-context/internal/service/mcp.go:228.16,230.3 1 0
go-mcp-context/internal/service/mcp.go:232.2,232.23 1 1
go-mcp-context/internal/service/mcp.go:236.72,242.16 3 0
go-mcp-context/internal/service/mcp.go:242.16,243.40 1 0
go-mcp-context/internal/service/mcp.go:243.40,245.4 1 0
go-mcp-context/internal/service/mcp.go:246.3,246.18 1 0
go-mcp-context/internal/service/mcp.go:249.2,249.22 1 0
go-mcp-context/internal/service/mcp.go:254.121,257.16 2 1
go-mcp-context/internal/service/mcp.go:257.16,259.3 1 0
go-mcp-context/internal/service/mcp.go:265.2,272.53 3 1
go-mcp-context/internal/service/mcp.go:272.53,274.3 1 0
go-mcp-context/internal/service/mcp.go:276.2,276.23 1 1
go-mcp-context/internal/service/mcp_handler.go:23.34,27.2 1 1
go-mcp-context/internal/service/mcp_handler.go:31.107,37.20 2 1
go-mcp-context/internal/service/mcp_handler.go:38.20,39.41 1 1
go-mcp-context/internal/service/mcp_handler.go:41.50,42.42 1 0
go-mcp-context/internal/service/mcp_handler.go:44.20,45.40 1 1
go-mcp-context/internal/service/mcp_handler.go:47.20,48.40 1 1
go-mcp-context/internal/service/mcp_handler.go:50.24,51.44 1 1
go-mcp-context/internal/service/mcp_handler.go:53.34,54.52 1 0
go-mcp-context/internal/service/mcp_handler.go:56.24,57.44 1 0
go-mcp-context/internal/service/mcp_handler.go:59.10,64.13 1 1
go-mcp-context/internal/service/mcp_handler.go:69.109,98.2 4 1
go-mcp-context/internal/service/mcp_handler.go:101.110,105.2 2 0
go-mcp-context/internal/service/mcp_handler.go:108.108,167.2 4 1
go-mcp-context/internal/service/mcp_handler.go:170.108,173.9 2 1
go-mcp-context/internal/service/mcp_handler.go:173.9,178.3 1 0
go-mcp-context/internal/service/mcp_handler.go:181.2,184.18 2 1
go-mcp-context/internal/service/mcp_handler.go:185.26,186.57 1 1
go-mcp-context/internal/service/mcp_handler.go:188.26,189.56 1 0
go-mcp-context/internal/service/mcp_handler.go:191.10,195.13 1 0
go-mcp-context/internal/service/mcp_handler.go:200.143,203.23 2 1
go-mcp-context/internal/service/mcp_handler.go:203.23,208.3 1 0
go-mcp-context/internal/service/mcp_handler.go:211.2,213.16 3 1
go-mcp-context/internal/service/mcp_handler.go:213.16,218.3 1 0
go-mcp-context/internal/service/mcp_handler.go:221.2,241.35 5 1
go-mcp-context/internal/service/mcp_handler.go:245.142,248.47 2 0
go-mcp-context/internal/service/mcp_handler.go:248.47,250.3 1 0
go-mcp-context/internal/service/mcp_handler.go:251.2,255.41 5 0
go-mcp-context/internal/service/mcp_handler.go:255.41,257.3 1 0
go-mcp-context/internal/service/mcp_handler.go:260.2,260.17 1 0
go-mcp-context/internal/service/mcp_handler.go:260.17,265.3 1 0
go-mcp-context/internal/service/mcp_handler.go:268.2,276.16 3 0
go-mcp-context/internal/service/mcp_handler.go:276.16,281.3 1 0
go-mcp-context/internal/service/mcp_handler.go:284.2,285.26 2 0
go-mcp-context/internal/service/mcp_handler.go:285.26,287.3 1 0
go-mcp-context/internal/service/mcp_handler.go:291.2,307.35 4 0
go-mcp-context/internal/service/mcp_handler.go:312.112,315.16 2 1
go-mcp-context/internal/service/mcp_handler.go:315.16,320.3 1 0
go-mcp-context/internal/service/mcp_handler.go:323.2,324.32 2 1
go-mcp-context/internal/service/mcp_handler.go:324.32,331.3 1 1
go-mcp-context/internal/service/mcp_handler.go:334.2,342.35 3 1
go-mcp-context/internal/service/mcp_handler.go:347.120,373.2 4 0
go-mcp-context/internal/service/mcp_handler.go:377.112,380.22 2 0
go-mcp-context/internal/service/mcp_handler.go:380.22,385.3 1 0
go-mcp-context/internal/service/mcp_handler.go:393.2,394.16 2 0
go-mcp-context/internal/service/mcp_handler.go:394.16,399.3 1 0
go-mcp-context/internal/service/mcp_handler.go:402.2,406.35 3 0
go-mcp-context/internal/service/mcp_handler.go:406.35,407.16 1 0
go-mcp-context/internal/service/mcp_handler.go:407.16,409.4 1 0
go-mcp-context/internal/service/mcp_handler.go:413.2,413.24 1 0
go-mcp-context/internal/service/mcp_handler.go:413.24,418.3 1 0
go-mcp-context/internal/service/mcp_handler.go:420.2,420.21 1 0
go-mcp-context/internal/service/mcp_handler.go:421.17,422.65 1 0
go-mcp-context/internal/service/mcp_handler.go:423.14,424.62 1 0
go-mcp-context/internal/service/mcp_handler.go:425.10,429.13 1 0
go-mcp-context/internal/service/mcp_handler.go:434.149,435.23 1 0
go-mcp-context/internal/service/mcp_handler.go:435.23,440.3 1 0
go-mcp-context/internal/service/mcp_handler.go:443.2,443.23 1 0
go-mcp-context/internal/service/mcp_handler.go:443.23,448.3 1 0
go-mcp-context/internal/service/mcp_handler.go:450.2,452.16 3 0
go-mcp-context/internal/service/mcp_handler.go:452.16,457.3 1 0
go-mcp-context/internal/service/mcp_handler.go:459.2,459.20 1 0
go-mcp-context/internal/service/mcp_handler.go:459.20,464.3 1 0
go-mcp-context/internal/service/mcp_handler.go:467.2,468.16 2 0
go-mcp-context/internal/service/mcp_handler.go:468.16,473.3 1 0
go-mcp-context/internal/service/mcp_handler.go:475.2,475.20 1 0
go-mcp-context/internal/service/mcp_handler.go:475.20,480.3 1 0
go-mcp-context/internal/service/mcp_handler.go:483.2,510.35 4 0
go-mcp-context/internal/service/mcp_handler.go:514.146,515.49 1 0
go-mcp-context/internal/service/mcp_handler.go:515.49,520.3 1 0
go-mcp-context/internal/service/mcp_handler.go:523.2,523.23 1 0
go-mcp-context/internal/service/mcp_handler.go:523.23,528.3 1 0
go-mcp-context/internal/service/mcp_handler.go:530.2,532.16 3 0
go-mcp-context/internal/service/mcp_handler.go:532.16,537.3 1 0
go-mcp-context/internal/service/mcp_handler.go:539.2,539.20 1 0
go-mcp-context/internal/service/mcp_handler.go:539.20,544.3 1 0
go-mcp-context/internal/service/mcp_handler.go:547.2,548.19 2 0
go-mcp-context/internal/service/mcp_handler.go:548.19,553.3 1 0
go-mcp-context/internal/service/mcp_handler.go:557.2,558.17 2 0
go-mcp-context/internal/service/mcp_handler.go:558.17,563.3 1 0
go-mcp-context/internal/service/mcp_handler.go:568.2,575.16 3 0
go-mcp-context/internal/service/mcp_handler.go:575.16,580.3 1 0
go-mcp-context/internal/service/mcp_handler.go:584.2,586.48 2 0
go-mcp-context/internal/service/mcp_handler.go:586.48,587.40 1 0
go-mcp-context/internal/service/mcp_handler.go:587.40,593.4 1 0
go-mcp-context/internal/service/mcp_handler.go:597.2,597.24 1 0
go-mcp-context/internal/service/mcp_handler.go:597.24,599.3 1 0
go-mcp-context/internal/service/mcp_handler.go:602.2,612.35 3 0
go-mcp-context/internal/service/processor.go:33.163,36.16 2 0
go-mcp-context/internal/service/processor.go:36.16,38.3 1 0
go-mcp-context/internal/service/processor.go:41.2,45.22 3 0
go-mcp-context/internal/service/processor.go:45.22,47.3 1 0
go-mcp-context/internal/service/processor.go:48.2,51.23 2 0
go-mcp-context/internal/service/processor.go:51.23,53.48 2 0
go-mcp-context/internal/service/processor.go:53.48,55.4 1 0
go-mcp-context/internal/service/processor.go:59.2,61.31 3 0
go-mcp-context/internal/service/processor.go:61.31,63.3 1 0
go-mcp-context/internal/service/processor.go:65.2,66.16 2 0
go-mcp-context/internal/service/processor.go:66.16,68.3 1 0
go-mcp-context/internal/service/processor.go:71.2,72.24 2 0
go-mcp-context/internal/service/processor.go:72.24,73.26 1 0
go-mcp-context/internal/service/processor.go:73.26,75.4 1 0
go-mcp-context/internal/service/processor.go:76.3,76.34 1 0
go-mcp-context/internal/service/processor.go:79.2,79.33 1 0
go-mcp-context/internal/service/processor.go:84.126,89.16 3 0
go-mcp-context/internal/service/processor.go:89.16,92.3 2 0
go-mcp-context/internal/service/processor.go:93.2,93.22 1 0
go-mcp-context/internal/service/processor.go:93.22,95.3 1 0
go-mcp-context/internal/service/processor.go:98.2,98.69 1 0
go-mcp-context/internal/service/processor.go:98.69,101.3 2 0
go-mcp-context/internal/service/processor.go:104.2,107.50 4 0
go-mcp-context/internal/service/processor.go:107.50,109.3 1 0
go-mcp-context/internal/service/processor.go:112.2,113.89 2 0
go-mcp-context/internal/service/processor.go:113.89,115.3 1 0
go-mcp-context/internal/service/processor.go:117.2,119.12 2 0
go-mcp-context/internal/service/processor.go:125.189,128.16 3 0
go-mcp-context/internal/service/processor.go:128.16,130.3 1 0
go-mcp-context/internal/service/processor.go:131.2,131.22 1 0
go-mcp-context/internal/service/processor.go:131.22,133.3 1 0
go-mcp-context/internal/service/processor.go:136.2,136.24 1 0
go-mcp-context/internal/service/processor.go:136.24,139.3 2 0
go-mcp-context/internal/service/processor.go:141.2,141.33 1 0
go-mcp-context/internal/service/processor.go:145.92,146.18 1 1
go-mcp-context/internal/service/processor.go:147.18,148.30 1 1
go-mcp-context/internal/service/processor.go:149.13,151.30 1 0
go-mcp-context/internal/service/processor.go:152.14,154.30 1 0
go-mcp-context/internal/service/processor.go:155.17,157.30 1 0
go-mcp-context/internal/service/processor.go:158.10,159.30 1 0
go-mcp-context/internal/service/processor.go:171.127,173.20 2 1
go-mcp-context/internal/service/processor.go:173.20,175.3 1 0
go-mcp-context/internal/service/processor.go:178.2,183.35 4 1
go-mcp-context/internal/service/processor.go:183.35,185.20 2 1
go-mcp-context/internal/service/processor.go:185.20,186.12 1 0
go-mcp-context/internal/service/processor.go:189.3,192.33 2 1
go-mcp-context/internal/service/processor.go:192.33,196.12 4 1
go-mcp-context/internal/service/processor.go:200.3,202.31 3 0
go-mcp-context/internal/service/processor.go:205.2,206.15 2 1
go-mcp-context/internal/service/processor.go:211.86,226.35 7 1
go-mcp-context/internal/service/processor.go:226.35,227.50 1 1
go-mcp-context/internal/service/processor.go:227.50,229.4 1 1
go-mcp-context/internal/service/processor.go:232.2,232.23 1 1
go-mcp-context/internal/service/processor.go:232.23,235.3 1 0
go-mcp-context/internal/service/processor.go:238.2,238.23 1 1
go-mcp-context/internal/service/processor.go:238.23,240.19 2 1
go-mcp-context/internal/service/processor.go:240.19,245.4 1 1
go-mcp-context/internal/service/processor.go:249.2,249.32 1 1
go-mcp-context/internal/service/processor.go:249.32,257.35 5 1
go-mcp-context/internal/service/processor.go:257.35,259.4 1 1
go-mcp-context/internal/service/processor.go:263.3,265.94 2 1
go-mcp-context/internal/service/processor.go:265.94,267.4 1 1
go-mcp-context/internal/service/processor.go:269.3,270.25 2 1
go-mcp-context/internal/service/processor.go:270.25,272.4 1 1
go-mcp-context/internal/service/processor.go:272.9,274.4 1 1
go-mcp-context/internal/service/processor.go:277.3,278.32 2 1
go-mcp-context/internal/service/processor.go:278.32,280.4 1 1
go-mcp-context/internal/service/processor.go:284.3,284.20 1 1
go-mcp-context/internal/service/processor.go:284.20,289.4 1 1
go-mcp-context/internal/service/processor.go:292.2,292.17 1 1
go-mcp-context/internal/service/processor.go:296.71,300.32 4 1
go-mcp-context/internal/service/processor.go:300.32,302.3 1 1
go-mcp-context/internal/service/processor.go:303.2,303.15 1 1
go-mcp-context/internal/service/processor.go:307.74,308.27 1 1
go-mcp-context/internal/service/processor.go:308.27,309.32 1 1
go-mcp-context/internal/service/processor.go:309.32,311.4 1 0
go-mcp-context/internal/service/processor.go:313.2,313.14 1 1
go-mcp-context/internal/service/processor.go:317.63,319.28 2 1
go-mcp-context/internal/service/processor.go:319.28,321.3 1 1
go-mcp-context/internal/service/processor.go:322.2,322.15 1 1
go-mcp-context/internal/service/processor.go:328.189,347.25 4 1
go-mcp-context/internal/service/processor.go:347.25,352.3 2 1
go-mcp-context/internal/service/processor.go:352.8,356.29 2 1
go-mcp-context/internal/service/processor.go:356.29,358.4 1 1
go-mcp-context/internal/service/processor.go:359.3,359.28 1 1
go-mcp-context/internal/service/processor.go:362.2,362.14 1 1
go-mcp-context/internal/service/processor.go:366.205,376.29 6 0
go-mcp-context/internal/service/processor.go:376.29,378.17 2 0
go-mcp-context/internal/service/processor.go:378.17,379.12 1 0
go-mcp-context/internal/service/processor.go:382.3,385.29 2 0
go-mcp-context/internal/service/processor.go:385.29,387.30 1 0
go-mcp-context/internal/service/processor.go:387.30,393.5 5 0
go-mcp-context/internal/service/processor.go:395.4,398.12 4 0
go-mcp-context/internal/service/processor.go:402.3,402.64 1 0
go-mcp-context/internal/service/processor.go:402.64,408.4 5 0
go-mcp-context/internal/service/processor.go:410.3,410.29 1 0
go-mcp-context/internal/service/processor.go:410.29,412.4 1 0
go-mcp-context/internal/service/processor.go:413.3,414.30 2 0
go-mcp-context/internal/service/processor.go:417.2,417.28 1 0
go-mcp-context/internal/service/processor.go:417.28,420.3 2 0
go-mcp-context/internal/service/processor.go:422.2,422.15 1 0
go-mcp-context/internal/service/processor.go:426.66,429.23 3 1
go-mcp-context/internal/service/processor.go:429.23,431.3 1 0
go-mcp-context/internal/service/processor.go:433.2,433.41 1 1
go-mcp-context/internal/service/processor.go:437.64,441.22 3 1
go-mcp-context/internal/service/processor.go:441.22,443.3 1 1
go-mcp-context/internal/service/processor.go:444.2,444.19 1 0
go-mcp-context/internal/service/processor.go:448.85,450.26 2 1
go-mcp-context/internal/service/processor.go:450.26,452.43 2 1
go-mcp-context/internal/service/processor.go:452.43,454.4 1 1
go-mcp-context/internal/service/processor.go:456.2,456.21 1 1
go-mcp-context/internal/service/processor.go:456.21,458.3 1 1
go-mcp-context/internal/service/processor.go:459.2,459.35 1 1
go-mcp-context/internal/service/processor.go:463.66,470.26 4 0
go-mcp-context/internal/service/processor.go:470.26,473.3 1 0
go-mcp-context/internal/service/processor.go:475.2,476.35 2 0
go-mcp-context/internal/service/processor.go:476.35,478.25 1 0
go-mcp-context/internal/service/processor.go:478.25,480.55 2 0
go-mcp-context/internal/service/processor.go:480.55,482.19 2 0
go-mcp-context/internal/service/processor.go:482.19,484.6 1 0
go-mcp-context/internal/service/processor.go:488.3,489.22 2 0
go-mcp-context/internal/service/processor.go:489.22,491.4 1 0
go-mcp-context/internal/service/processor.go:492.3,492.21 1 0
go-mcp-context/internal/service/processor.go:496.2,496.25 1 0
go-mcp-context/internal/service/processor.go:496.25,498.53 2 0
go-mcp-context/internal/service/processor.go:498.53,500.18 2 0
go-mcp-context/internal/service/processor.go:500.18,502.5 1 0
go-mcp-context/internal/service/processor.go:506.2,506.14 1 0
go-mcp-context/internal/service/processor.go:510.65,514.18 2 1
go-mcp-context/internal/service/processor.go:514.18,516.3 1 1
go-mcp-context/internal/service/processor.go:517.2,517.15 1 1
go-mcp-context/internal/service/processor.go:521.58,524.16 2 1
go-mcp-context/internal/service/processor.go:524.16,527.3 1 0
go-mcp-context/internal/service/processor.go:528.2,529.20 2 1
go-mcp-context/internal/service/processor.go:534.125,535.12 1 0
go-mcp-context/internal/service/processor.go:535.12,536.68 1 0
go-mcp-context/internal/service/processor.go:536.68,542.4 5 0
go-mcp-context/internal/service/processor.go:542.9,545.4 1 0
go-mcp-context/internal/service/processor.go:552.190,561.16 6 1
go-mcp-context/internal/service/processor.go:561.16,568.3 6 0
go-mcp-context/internal/service/processor.go:571.2,577.22 5 1
go-mcp-context/internal/service/processor.go:577.22,584.3 6 0
go-mcp-context/internal/service/processor.go:585.2,588.23 2 1
go-mcp-context/internal/service/processor.go:588.23,591.48 3 1
go-mcp-context/internal/service/processor.go:591.48,593.4 1 0
go-mcp-context/internal/service/processor.go:597.2,600.31 4 1
go-mcp-context/internal/service/processor.go:600.31,602.3 1 1
go-mcp-context/internal/service/processor.go:604.2,605.16 2 1
go-mcp-context/internal/service/processor.go:605.16,612.3 6 0
go-mcp-context/internal/service/processor.go:615.2,616.31 2 1
go-mcp-context/internal/service/processor.go:616.31,617.26 1 1
go-mcp-context/internal/service/processor.go:617.26,619.4 1 1
go-mcp-context/internal/service/processor.go:622.2,622.69 1 1
go-mcp-context/internal/service/processor.go:622.69,628.3 5 0
go-mcp-context/internal/service/processor.go:631.2,632.31 2 1
go-mcp-context/internal/service/processor.go:632.31,634.3 1 1
go-mcp-context/internal/service/processor.go:637.2,640.50 4 1
go-mcp-context/internal/service/processor.go:640.50,642.3 1 0
go-mcp-context/internal/service/processor.go:645.2,646.89 2 1
go-mcp-context/internal/service/processor.go:646.89,648.3 1 0
go-mcp-context/internal/service/processor.go:650.2,652.17 2 1
go-mcp-context/internal/service/processor.go:652.17,654.3 1 0
go-mcp-context/internal/service/processor.go:654.8,656.3 1 1
go-mcp-context/internal/service/processor.go:657.2,657.119 1 1
go-mcp-context/internal/service/processor.go:666.68,693.2 13 1
go-mcp-context/internal/service/processor.go:702.81,712.31 4 1
go-mcp-context/internal/service/processor.go:712.31,713.32 1 1
go-mcp-context/internal/service/processor.go:713.32,715.12 2 1
go-mcp-context/internal/service/processor.go:717.3,717.58 1 1
go-mcp-context/internal/service/processor.go:720.2,720.21 1 1
go-mcp-context/internal/service/processor.go:720.21,722.3 1 0
go-mcp-context/internal/service/processor.go:725.2,730.35 4 1
go-mcp-context/internal/service/processor.go:730.35,732.13 2 1
go-mcp-context/internal/service/processor.go:732.13,734.31 2 1
go-mcp-context/internal/service/processor.go:734.31,741.19 3 1
go-mcp-context/internal/service/processor.go:741.19,743.14 2 0
go-mcp-context/internal/service/processor.go:746.5,746.27 1 1
go-mcp-context/internal/service/processor.go:746.27,748.6 1 1
go-mcp-context/internal/service/processor.go:749.5,749.33 1 1
go-mcp-context/internal/service/processor.go:749.33,751.6 1 1
go-mcp-context/internal/service/processor.go:753.5,753.81 1 1
go-mcp-context/internal/service/processor.go:759.2,759.29 1 1
go-mcp-context/internal/service/processor.go:759.29,761.3 1 1
go-mcp-context/internal/service/processor.go:762.2,765.12 3 1
go-mcp-context/internal/service/search.go:33.86,34.25 1 1
go-mcp-context/internal/service/search.go:34.25,36.3 1 0
go-mcp-context/internal/service/search.go:38.2,39.51 2 1
go-mcp-context/internal/service/search.go:63.94,69.15 4 0
go-mcp-context/internal/service/search.go:69.15,71.3 1 0
go-mcp-context/internal/service/search.go:72.2,72.16 1 0
go-mcp-context/internal/service/search.go:72.16,74.3 1 0
go-mcp-context/internal/service/search.go:75.2,75.16 1 0
go-mcp-context/internal/service/search.go:75.16,77.3 1 0
go-mcp-context/internal/service/search.go:80.2,85.22 4 0
go-mcp-context/internal/service/search.go:85.22,88.3 1 0
go-mcp-context/internal/service/search.go:88.8,91.3 1 0
go-mcp-context/internal/service/search.go:92.2,92.16 1 0
go-mcp-context/internal/service/search.go:92.16,94.3 1 0
go-mcp-context/internal/service/search.go:97.2,100.20 4 0
go-mcp-context/internal/service/search.go:100.20,108.3 1 0
go-mcp-context/internal/service/search.go:109.2,109.17 1 0
go-mcp-context/internal/service/search.go:109.17,111.3 1 0
go-mcp-context/internal/service/search.go:113.2,115.42 3 0
go-mcp-context/internal/service/search.go:115.42,131.34 2 0
go-mcp-context/internal/service/search.go:131.34,133.4 1 0
go-mcp-context/internal/service/search.go:134.3,135.42 2 0
go-mcp-context/internal/service/search.go:139.2,139.23 1 0
go-mcp-context/internal/service/search.go:139.23,140.23 1 0
go-mcp-context/internal/service/search.go:140.23,144.4 1 0
go-mcp-context/internal/service/search.go:147.2,153.8 1 0
go-mcp-context/internal/service/search.go:157.165,172.20 3 0
go-mcp-context/internal/service/search.go:172.20,174.3 1 0
go-mcp-context/internal/service/search.go:174.8,174.27 1 0
go-mcp-context/internal/service/search.go:174.27,176.3 1 0
go-mcp-context/internal/service/search.go:178.2,182.50 2 0
go-mcp-context/internal/service/search.go:182.50,184.3 1 0
go-mcp-context/internal/service/search.go:186.2,187.27 2 0
go-mcp-context/internal/service/search.go:187.27,190.21 2 0
go-mcp-context/internal/service/search.go:190.21,192.4 1 0
go-mcp-context/internal/service/search.go:193.3,197.4 1 0
go-mcp-context/internal/service/search.go:200.2,200.21 1 0
go-mcp-context/internal/service/search.go:204.154,223.20 3 0
go-mcp-context/internal/service/search.go:223.20,225.3 1 0
go-mcp-context/internal/service/search.go:225.8,225.27 1 0
go-mcp-context/internal/service/search.go:225.27,227.3 1 0
go-mcp-context/internal/service/search.go:229.2,229.53 1 0
go-mcp-context/internal/service/search.go:229.53,231.3 1 0
go-mcp-context/internal/service/search.go:233.2,234.27 2 0
go-mcp-context/internal/service/search.go:234.27,240.3 1 0
go-mcp-context/internal/service/search.go:242.2,242.21 1 0
go-mcp-context/internal/service/search.go:246.104,253.2 3 0
go-mcp-context/internal/service/search.go:281.41,285.29 3 0
go-mcp-context/internal/service/search.go:285.29,287.17 2 0
go-mcp-context/internal/service/search.go:287.17,289.4 1 0
go-mcp-context/internal/service/search.go:292.2,292.15 1 0
go-mcp-context/internal/service/search.go:296.126,308.2 4 0
go-mcp-context/internal/service/search.go:311.131,312.43 1 0
go-mcp-context/internal/service/search.go:312.43,314.3 1 0
go-mcp-context/internal/service/search.go:318.122,321.16 2 0
go-mcp-context/internal/service/search.go:321.16,323.3 1 0
go-mcp-context/internal/service/search.go:326.2,327.16 2 0
go-mcp-context/internal/service/search.go:327.16,329.3 1 0
go-mcp-context/internal/service/search.go:332.2,333.16 2 0
go-mcp-context/internal/service/search.go:333.16,335.3 1 0
go-mcp-context/internal/service/search.go:338.2,338.58 1 0
go-mcp-context/internal/service/search.go:344.97,348.2 3 0
go-mcp-context/internal/service/search.go:353.84,355.2 1 1
go-mcp-context/internal/service/search.go:358.96,359.26 1 0
go-mcp-context/internal/service/search.go:359.26,361.3 1 0
go-mcp-context/internal/service/search.go:364.2,365.39 2 0
go-mcp-context/internal/service/search.go:365.39,367.21 2 0
go-mcp-context/internal/service/search.go:368.17,369.33 1 0
go-mcp-context/internal/service/search.go:370.15,371.31 1 0
go-mcp-context/internal/service/search.go:372.11,373.12 1 0
go-mcp-context/internal/service/search.go:376.3,376.13 1 0
go-mcp-context/internal/service/search.go:376.13,378.4 1 0
go-mcp-context/internal/service/search.go:378.9,379.24 1 0
go-mcp-context/internal/service/search.go:379.24,381.5 1 0
go-mcp-context/internal/service/search.go:382.4,382.24 1 0
go-mcp-context/internal/service/search.go:382.24,384.5 1 0
go-mcp-context/internal/service/search.go:389.2,389.26 1 0
go-mcp-context/internal/service/search.go:389.26,391.3 1 0
go-mcp-context/internal/service/search.go:394.2,394.28 1 0
go-mcp-context/internal/service/search.go:394.28,396.21 2 0
go-mcp-context/internal/service/search.go:397.17,398.38 1 0
go-mcp-context/internal/service/search.go:399.15,400.36 1 0
go-mcp-context/internal/service/search.go:401.11,402.12 1 0
go-mcp-context/internal/service/search.go:404.3,404.55 1 0
go-mcp-context/internal/service/search.go:409.99,414.45 3 0
go-mcp-context/internal/service/search.go:414.45,416.3 1 0
go-mcp-context/internal/service/search.go:418.2,418.43 1 0
go-mcp-context/internal/service/search.go:418.43,420.3 1 0
go-mcp-context/internal/service/search.go:423.2,426.42 2 0
go-mcp-context/internal/service/search.go:426.42,429.3 2 0
go-mcp-context/internal/service/search.go:432.2,432.40 1 0
go-mcp-context/internal/service/search.go:432.40,433.59 1 0
go-mcp-context/internal/service/search.go:433.59,435.4 1 0
go-mcp-context/internal/service/search.go:435.9,438.4 2 0
go-mcp-context/internal/service/search.go:442.2,443.33 2 0
go-mcp-context/internal/service/search.go:443.33,444.43 1 0
go-mcp-context/internal/service/search.go:444.43,446.4 1 0
go-mcp-context/internal/service/search.go:448.2,448.25 1 0
go-mcp-context/internal/service/search.go:448.25,450.3 1 0
go-mcp-context/internal/service/search.go:453.2,454.41 2 0
go-mcp-context/internal/service/search.go:454.41,458.62 2 0
go-mcp-context/internal/service/search.go:458.62,460.4 1 0
go-mcp-context/internal/service/search.go:463.3,463.60 1 0
go-mcp-context/internal/service/search.go:463.60,465.4 1 0
go-mcp-context/internal/service/search.go:468.3,473.46 5 0
go-mcp-context/internal/service/search.go:477.2,477.45 1 0
go-mcp-context/internal/service/search.go:477.45,479.3 1 0
go-mcp-context/internal/service/search.go:481.2,481.19 1 0
go-mcp-context/internal/service/search.go:485.136,496.31 4 0
go-mcp-context/internal/service/search.go:496.31,498.21 2 0
go-mcp-context/internal/service/search.go:498.21,502.4 3 0
go-mcp-context/internal/service/search.go:506.2,506.12 1 0
go-mcp-context/internal/service/search.go:506.12,509.3 2 0
go-mcp-context/internal/service/search.go:512.2,513.33 2 0
go-mcp-context/internal/service/search.go:513.33,514.24 1 0
go-mcp-context/internal/service/search.go:514.24,517.12 2 0
go-mcp-context/internal/service/search.go:519.3,519.33 1 0
go-mcp-context/internal/service/search.go:519.33,521.4 1 0
go-mcp-context/internal/service/search.go:524.2,524.26 1 0
go-mcp-context/internal/service/search.go:524.26,526.3 1 0
go-mcp-context/internal/service/search.go:529.2,529.48 1 0
go-mcp-context/internal/service/search.go:535.97,540.38 3 0
go-mcp-context/internal/service/search.go:540.38,541.40 1 0
go-mcp-context/internal/service/search.go:541.40,547.51 3 0
go-mcp-context/internal/service/search.go:547.51,550.5 2 0
go-mcp-context/internal/service/search.go:555.2,556.41 2 0
go-mcp-context/internal/service/search.go:556.41,559.3 2 0
go-mcp-context/internal/service/search.go:562.2,562.45 1 0
go-mcp-context/internal/service/search.go:562.45,564.3 1 0
go-mcp-context/internal/service/search.go:566.2,566.19 1 0
go-mcp-context/internal/service/stats.go:21.83,24.103 2 0
go-mcp-context/internal/service/stats.go:24.103,26.3 1 0
go-mcp-context/internal/service/stats.go:30.85,36.46 2 0
go-mcp-context/internal/service/stats.go:36.46,38.3 1 0
go-mcp-context/internal/service/stats.go:41.2,44.46 1 0
go-mcp-context/internal/service/stats.go:44.46,46.3 1 0
go-mcp-context/internal/service/stats.go:49.2,56.37 2 0
go-mcp-context/internal/service/stats.go:56.37,58.3 1 0
go-mcp-context/internal/service/stats.go:59.2,69.36 3 0
go-mcp-context/internal/service/stats.go:69.36,71.3 1 0
go-mcp-context/internal/service/stats.go:72.2,74.21 2 0
go-mcp-context/internal/service/activity_log.go:20.91,28.34 3 1
go-mcp-context/internal/service/activity_log.go:28.34,34.3 1 1
go-mcp-context/internal/service/activity_log.go:37.2,39.33 3 1
go-mcp-context/internal/service/activity_log.go:39.33,41.3 1 1
go-mcp-context/internal/service/activity_log.go:43.2,47.8 1 1
go-mcp-context/internal/service/activity_log.go:51.94,52.31 1 1
go-mcp-context/internal/service/activity_log.go:52.31,54.3 1 1
go-mcp-context/internal/service/activity_log.go:56.2,63.18 3 1
go-mcp-context/internal/service/apikey.go:27.116,32.35 2 1
go-mcp-context/internal/service/apikey.go:32.35,35.3 2 0
go-mcp-context/internal/service/apikey.go:37.2,37.32 1 1
go-mcp-context/internal/service/apikey.go:37.32,39.3 1 1
go-mcp-context/internal/service/apikey.go:42.2,43.16 2 1
go-mcp-context/internal/service/apikey.go:43.16,46.3 2 0
go-mcp-context/internal/service/apikey.go:48.2,63.54 6 1
go-mcp-context/internal/service/apikey.go:63.54,66.3 2 0
go-mcp-context/internal/service/apikey.go:68.2,80.8 2 1
go-mcp-context/internal/service/apikey.go:84.82,89.35 2 1
go-mcp-context/internal/service/apikey.go:89.35,92.3 2 0
go-mcp-context/internal/service/apikey.go:94.2,95.27 2 1
go-mcp-context/internal/service/apikey.go:95.27,103.3 1 1
go-mcp-context/internal/service/apikey.go:105.2,105.19 1 1
go-mcp-context/internal/service/apikey.go:109.64,114.25 2 1
go-mcp-context/internal/service/apikey.go:114.25,117.3 2 0
go-mcp-context/internal/service/apikey.go:119.2,119.30 1 1
go-mcp-context/internal/service/apikey.go:119.30,121.3 1 1
go-mcp-context/internal/service/apikey.go:123.2,128.12 2 1
go-mcp-context/internal/service/apikey.go:132.71,134.83 1 1
go-mcp-context/internal/service/apikey.go:134.83,136.3 1 1
go-mcp-context/internal/service/apikey.go:139.2,146.35 4 1
go-mcp-context/internal/service/apikey.go:146.35,148.3 1 1
go-mcp-context/internal/service/apikey.go:151.2,151.12 1 1
go-mcp-context/internal/service/apikey.go:151.12,157.3 2 1
go-mcp-context/internal/service/apikey.go:159.2,159.28 1 1
go-mcp-context/internal/service/document.go:28.89,36.48 4 1
go-mcp-context/internal/service/document.go:36.48,40.47 2 1
go-mcp-context/internal/service/document.go:40.47,42.4 1 1
go-mcp-context/internal/service/document.go:42.9,45.100 2 1
go-mcp-context/internal/service/document.go:45.100,47.5 1 1
go-mcp-context/internal/service/document.go:51.2,54.79 2 1
go-mcp-context/internal/service/document.go:54.79,56.3 1 0
go-mcp-context/internal/service/document.go:59.2,61.15 3 1
go-mcp-context/internal/service/document.go:61.15,63.3 1 1
go-mcp-context/internal/service/document.go:64.2,64.19 1 1
go-mcp-context/internal/service/document.go:64.19,66.3 1 0
go-mcp-context/internal/service/document.go:68.2,69.113 2 1
go-mcp-context/internal/service/document.go:69.113,71.3 1 0
go-mcp-context/internal/service/document.go:73.2,78.8 1 1
go-mcp-context/internal/service/document.go:83.174,86.67 2 1
go-mcp-context/internal/service/document.go:86.67,88.3 1 1
go-mcp-context/internal/service/document.go:91.2,92.20 2 1
go-mcp-context/internal/service/document.go:92.20,93.38 1 1
go-mcp-context/internal/service/document.go:93.38,94.20 1 1
go-mcp-context/internal/service/document.go:94.20,96.10 2 1
go-mcp-context/internal/service/document.go:100.2,100.20 1 1
go-mcp-context/internal/service/document.go:100.20,102.3 1 1
go-mcp-context/internal/service/document.go:105.2,106.16 2 1
go-mcp-context/internal/service/document.go:106.16,108.3 1 0
go-mcp-context/internal/service/document.go:111.2,117.85 4 1
go-mcp-context/internal/service/document.go:117.85,119.3 1 1
go-mcp-context/internal/service/document.go:122.2,124.20 3 1
go-mcp-context/internal/service/document.go:124.20,126.3 1 1
go-mcp-context/internal/service/document.go:129.2,135.16 5 1
go-mcp-context/internal/service/document.go:135.16,137.3 1 0
go-mcp-context/internal/service/document.go:140.2,151.52 2 1
go-mcp-context/internal/service/document.go:151.52,155.3 2 0
go-mcp-context/internal/service/document.go:158.2,167.17 5 1
go-mcp-context/internal/service/document.go:171.202,174.67 2 1
go-mcp-context/internal/service/document.go:174.67,177.3 2 1
go-mcp-context/internal/service/document.go:180.2,181.20 2 1
go-mcp-context/internal/service/document.go:181.20,182.38 1 1
go-mcp-context/internal/service/document.go:182.38,183.20 1 1
go-mcp-context/internal/service/document.go:183.20,185.10 2 1
go-mcp-context/internal/service/document.go:189.2,189.20 1 1
go-mcp-context/internal/service/document.go:189.20,192.3 2 1
go-mcp-context/internal/service/document.go:195.2,196.16 2 1
go-mcp-context/internal/service/document.go:196.16,199.3 2 0
go-mcp-context/internal/service/document.go:202.2,208.85 4 1
go-mcp-context/internal/service/document.go:208.85,211.3 2 0
go-mcp-context/internal/service/document.go:214.2,216.20 3 1
go-mcp-context/internal/service/document.go:216.20,219.3 2 0
go-mcp-context/internal/service/document.go:222.2,228.16 5 1
go-mcp-context/internal/service/document.go:228.16,231.3 2 0
go-mcp-context/internal/service/document.go:234.2,245.52 2 1
go-mcp-context/internal/service/document.go:245.52,249.3 3 0
go-mcp-context/internal/service/document.go:252.2,257.17 4 1
go-mcp-context/internal/service/document.go:261.43,269.2 4 1
go-mcp-context/internal/service/document.go:272.77,274.56 2 1
go-mcp-context/internal/service/document.go:274.56,276.3 1 1
go-mcp-context/internal/service/document.go:277.2,277.18 1 0
go-mcp-context/internal/service/document.go:282.100,287.19 3 1
go-mcp-context/internal/service/document.go:287.19,289.3 1 1
go-mcp-context/internal/service/document.go:291.2,291.73 1 1
go-mcp-context/internal/service/document.go:291.73,293.3 1 1
go-mcp-context/internal/service/document.go:296.2,297.16 2 1
go-mcp-context/internal/service/document.go:297.16,299.3 1 0
go-mcp-context/internal/service/document.go:300.2,303.16 3 1
go-mcp-context/internal/service/document.go:303.16,305.3 1 0
go-mcp-context/internal/service/document.go:307.2,307.40 1 1
go-mcp-context/internal/service/document.go:312.126,317.19 3 1
go-mcp-context/internal/service/document.go:317.19,319.3 1 1
go-mcp-context/internal/service/document.go:322.2,322.20 1 1
go-mcp-context/internal/service/document.go:322.20,324.3 1 1
go-mcp-context/internal/service/document.go:324.8,324.27 1 1
go-mcp-context/internal/service/document.go:324.27,326.3 1 1
go-mcp-context/internal/service/document.go:328.2,328.88 1 1
go-mcp-context/internal/service/document.go:328.88,330.3 1 0
go-mcp-context/internal/service/document.go:332.2,332.20 1 1
go-mcp-context/internal/service/document.go:336.49,342.25 3 1
go-mcp-context/internal/service/document.go:342.25,344.3 1 0
go-mcp-context/internal/service/document.go:346.2,346.30 1 1
go-mcp-context/internal/service/document.go:346.30,348.3 1 1
go-mcp-context/internal/service/document.go:351.2,355.12 2 0
go-mcp-context/internal/service/document.go:359.37,360.13 1 1
go-mcp-context/internal/service/document.go:361.26,362.20 1 1
go-mcp-context/internal/service/document.go:363.14,364.15 1 1
go-mcp-context/internal/service/document.go:365.15,366.16 1 0
go-mcp-context/internal/service/document.go:367.32,368.19 1 1
go-mcp-context/internal/service/document.go:369.10,370.12 1 1
go-mcp-context/internal/service/document.go:375.141,382.19 4 1
go-mcp-context/internal/service/document.go:382.19,384.3 1 1
go-mcp-context/internal/service/document.go:386.2,386.16 1 1
go-mcp-context/internal/service/document.go:386.16,388.3 1 1
go-mcp-context/internal/service/document.go:391.2,391.50 1 1
go-mcp-context/internal/service/document.go:391.50,393.3 1 0
go-mcp-context/internal/service/document.go:396.2,400.35 2 1
go-mcp-context/internal/service/document.go:400.35,402.3 1 0
go-mcp-context/internal/service/document.go:404.2,404.27 1 1
go-mcp-context/internal/service/github_import.go:26.52,30.2 1 1
go-mcp-context/internal/service/github_import.go:33.99,35.2 1 1
go-mcp-context/internal/service/github_import.go:38.114,40.2 1 1
go-mcp-context/internal/service/github_import.go:43.98,44.15 1 1
go-mcp-context/internal/service/github_import.go:44.15,46.3 1 1
go-mcp-context/internal/service/github_import.go:50.190,51.25 1 1
go-mcp-context/internal/service/github_import.go:51.25,53.3 1 1
go-mcp-context/internal/service/github_import.go:56.2,57.18 2 1
go-mcp-context/internal/service/github_import.go:57.18,59.3 1 1
go-mcp-context/internal/service/github_import.go:62.2,63.67 2 1
go-mcp-context/internal/service/github_import.go:63.67,66.3 2 1
go-mcp-context/internal/service/github_import.go:69.2,70.19 2 1
go-mcp-context/internal/service/github_import.go:70.19,72.3 1 0
go-mcp-context/internal/service/github_import.go:73.2,73.15 1 1
go-mcp-context/internal/service/github_import.go:73.15,76.17 2 1
go-mcp-context/internal/service/github_import.go:76.17,79.4 2 0
go-mcp-context/internal/service/github_import.go:80.3,80.31 1 1
go-mcp-context/internal/service/github_import.go:83.2,87.16 3 1
go-mcp-context/internal/service/github_import.go:87.16,90.3 2 1
go-mcp-context/internal/service/github_import.go:93.2,94.21 2 1
go-mcp-context/internal/service/github_import.go:94.21,97.3 2 1
go-mcp-context/internal/service/github_import.go:99.2,108.19 3 0
go-mcp-context/internal/service/github_import.go:108.19,109.20 1 0
go-mcp-context/internal/service/github_import.go:109.20,111.4 1 0
go-mcp-context/internal/service/github_import.go:111.9,113.4 1 0
go-mcp-context/internal/service/github_import.go:117.2,125.37 4 0
go-mcp-context/internal/service/github_import.go:125.37,126.19 1 0
go-mcp-context/internal/service/github_import.go:126.19,128.9 2 0
go-mcp-context/internal/service/github_import.go:132.2,132.19 1 0
go-mcp-context/internal/service/github_import.go:132.19,135.3 2 0
go-mcp-context/internal/service/github_import.go:138.2,140.21 3 0
go-mcp-context/internal/service/github_import.go:140.21,142.3 1 0
go-mcp-context/internal/service/github_import.go:145.2,152.16 6 0
go-mcp-context/internal/service/github_import.go:152.16,162.27 4 0
go-mcp-context/internal/service/github_import.go:162.27,164.4 1 0
go-mcp-context/internal/service/github_import.go:165.3,165.36 1 0
go-mcp-context/internal/service/github_import.go:165.36,167.4 1 0
go-mcp-context/internal/service/github_import.go:169.3,172.30 2 0
go-mcp-context/internal/service/github_import.go:172.30,174.4 1 0
go-mcp-context/internal/service/github_import.go:177.3,177.35 1 0
go-mcp-context/internal/service/github_import.go:177.35,182.4 1 0
go-mcp-context/internal/service/github_import.go:183.8,201.30 7 0
go-mcp-context/internal/service/github_import.go:201.30,203.34 2 0
go-mcp-context/internal/service/github_import.go:203.34,206.18 3 0
go-mcp-context/internal/service/github_import.go:206.18,206.33 1 0
go-mcp-context/internal/service/github_import.go:208.5,209.75 2 0
go-mcp-context/internal/service/github_import.go:213.3,213.13 1 0
go-mcp-context/internal/service/github_import.go:213.13,216.4 2 0
go-mcp-context/internal/service/github_import.go:218.3,218.31 1 0
go-mcp-context/internal/service/github_import.go:218.31,219.25 1 0
go-mcp-context/internal/service/github_import.go:219.25,229.13 4 0
go-mcp-context/internal/service/github_import.go:231.4,231.181 1 0
go-mcp-context/internal/service/github_import.go:236.2,236.22 1 0
go-mcp-context/internal/service/github_import.go:236.22,238.58 1 0
go-mcp-context/internal/service/github_import.go:238.58,240.71 2 0
go-mcp-context/internal/service/github_import.go:240.71,241.32 1 0
go-mcp-context/internal/service/github_import.go:241.32,246.6 1 0
go-mcp-context/internal/service/github_import.go:246.11,252.6 1 0
go-mcp-context/internal/service/github_import.go:253.10,258.5 1 0
go-mcp-context/internal/service/github_import.go:262.3,265.5 1 0
go-mcp-context/internal/service/github_import.go:269.2,269.20 1 0
go-mcp-context/internal/service/github_import.go:269.20,271.3 1 0
go-mcp-context/internal/service/github_import.go:271.8,273.3 1 0
go-mcp-context/internal/service/github_import.go:275.2,282.12 2 0
go-mcp-context/internal/service/github_import.go:298.14,301.26 2 0
go-mcp-context/internal/service/github_import.go:301.26,303.3 1 0
go-mcp-context/internal/service/github_import.go:304.2,314.19 7 0
go-mcp-context/internal/service/github_import.go:314.19,316.3 1 0
go-mcp-context/internal/service/github_import.go:319.2,320.16 2 0
go-mcp-context/internal/service/github_import.go:320.16,331.3 4 0
go-mcp-context/internal/service/github_import.go:334.2,345.52 2 0
go-mcp-context/internal/service/github_import.go:345.52,348.3 2 0
go-mcp-context/internal/service/github_import.go:351.2,357.33 5 0
go-mcp-context/internal/service/github_import.go:357.33,365.34 2 0
go-mcp-context/internal/service/github_import.go:365.34,366.9 1 0
go-mcp-context/internal/service/github_import.go:368.3,368.31 1 0
go-mcp-context/internal/service/github_import.go:368.31,370.9 2 0
go-mcp-context/internal/service/github_import.go:374.2,374.22 1 0
go-mcp-context/internal/service/github_import.go:374.22,376.3 1 0
go-mcp-context/internal/service/github_import.go:376.8,378.3 1 0
go-mcp-context/internal/service/github_import.go:379.2,379.32 1 0
go-mcp-context/internal/service/library.go:31.64,32.19 1 1
go-mcp-context/internal/service/library.go:32.19,34.3 1 1
go-mcp-context/internal/service/library.go:36.2,36.23 1 1
go-mcp-context/internal/service/library.go:36.23,38.3 1 0
go-mcp-context/internal/service/library.go:42.2,44.28 3 1
go-mcp-context/internal/service/library.go:44.28,46.3 1 1
go-mcp-context/internal/service/library.go:48.2,48.12 1 1
go-mcp-context/internal/service/library.go:52.87,59.40 4 1
go-mcp-context/internal/service/library.go:59.40,61.3 1 0
go-mcp-context/internal/service/library.go:62.2,62.44 1 1
go-mcp-context/internal/service/library.go:62.44,64.3 1 1
go-mcp-context/internal/service/library.go:64.8,66.3 1 1
go-mcp-context/internal/service/library.go:69.2,69.47 1 1
go-mcp-context/internal/service/library.go:69.47,71.3 1 0
go-mcp-context/internal/service/library.go:74.2,76.15 3 1
go-mcp-context/internal/service/library.go:76.15,78.3 1 1
go-mcp-context/internal/service/library.go:79.2,79.19 1 1
go-mcp-context/internal/service/library.go:79.19,81.3 1 1
go-mcp-context/internal/service/library.go:83.2,84.81 2 1
go-mcp-context/internal/service/library.go:84.81,86.3 1 0
go-mcp-context/internal/service/library.go:88.2,93.8 1 1
go-mcp-context/internal/service/library.go:97.87,109.56 2 1
go-mcp-context/internal/service/library.go:109.56,111.3 1 1
go-mcp-context/internal/service/library.go:114.2,116.21 2 1
go-mcp-context/internal/service/library.go:120.93,126.16 3 1
go-mcp-context/internal/service/library.go:126.16,129.3 2 0
go-mcp-context/internal/service/library.go:132.2,134.72 1 1
go-mcp-context/internal/service/library.go:134.72,137.3 2 0
go-mcp-context/internal/service/library.go:139.2,139.102 1 1
go-mcp-context/internal/service/library.go:143.69,145.60 2 1
go-mcp-context/internal/service/library.go:145.60,147.3 1 1
go-mcp-context/internal/service/library.go:148.2,148.22 1 1
go-mcp-context/internal/service/library.go:152.85,154.91 2 1
go-mcp-context/internal/service/library.go:154.91,156.3 1 1
go-mcp-context/internal/service/library.go:157.2,157.22 1 1
go-mcp-context/internal/service/library.go:171.129,174.16 2 1
go-mcp-context/internal/service/library.go:174.16,176.3 1 1
go-mcp-context/internal/service/library.go:179.2,180.24 2 1
go-mcp-context/internal/service/library.go:180.24,182.3 1 1
go-mcp-context/internal/service/library.go:185.2,187.16 3 1
go-mcp-context/internal/service/library.go:187.16,189.3 1 1
go-mcp-context/internal/service/library.go:192.2,195.23 4 1
go-mcp-context/internal/service/library.go:195.23,196.112 1 1
go-mcp-context/internal/service/library.go:196.112,199.4 2 1
go-mcp-context/internal/service/library.go:203.2,214.56 2 1
go-mcp-context/internal/service/library.go:214.56,216.3 1 0
go-mcp-context/internal/service/library.go:219.2,226.8 2 1
go-mcp-context/internal/service/library.go:230.96,232.60 2 1
go-mcp-context/internal/service/library.go:232.60,234.3 1 1
go-mcp-context/internal/service/library.go:237.2,240.23 1 1
go-mcp-context/internal/service/library.go:240.23,242.3 1 0
go-mcp-context/internal/service/library.go:245.2,251.22 4 1
go-mcp-context/internal/service/library.go:255.48,261.25 3 1
go-mcp-context/internal/service/library.go:261.25,263.3 1 0
go-mcp-context/internal/service/library.go:265.2,265.30 1 1
go-mcp-context/internal/service/library.go:265.30,267.3 1 1
go-mcp-context/internal/service/library.go:270.2,277.12 3 1
go-mcp-context/internal/service/library.go:281.79,290.16 3 1
go-mcp-context/internal/service/library.go:290.16,292.3 1 0
go-mcp-context/internal/service/library.go:294.2,294.23 1 1
go-mcp-context/internal/service/library.go:298.75,301.37 2 1
go-mcp-context/internal/service/library.go:301.37,303.3 1 1
go-mcp-context/internal/service/library.go:304.2,304.22 1 1
go-mcp-context/internal/service/library.go:308.81,310.60 2 1
go-mcp-context/internal/service/library.go:310.60,312.3 1 1
go-mcp-context/internal/service/library.go:315.2,344.8 5 1
go-mcp-context/internal/service/library.go:349.96,356.40 4 1
go-mcp-context/internal/service/library.go:356.40,362.46 4 1
go-mcp-context/internal/service/library.go:362.46,365.35 2 1
go-mcp-context/internal/service/library.go:365.35,367.5 1 1
go-mcp-context/internal/service/library.go:368.4,368.43 1 1
go-mcp-context/internal/service/library.go:369.9,372.4 1 0
go-mcp-context/internal/service/library.go:374.2,374.44 1 1
go-mcp-context/internal/service/library.go:374.44,376.3 1 0
go-mcp-context/internal/service/library.go:376.8,378.3 1 1
go-mcp-context/internal/service/library.go:381.2,381.47 1 1
go-mcp-context/internal/service/library.go:381.47,383.3 1 0
go-mcp-context/internal/service/library.go:386.2,388.15 3 1
go-mcp-context/internal/service/library.go:388.15,390.3 1 0
go-mcp-context/internal/service/library.go:391.2,391.19 1 1
go-mcp-context/internal/service/library.go:391.19,393.3 1 0
go-mcp-context/internal/service/library.go:395.2,399.47 3 1
go-mcp-context/internal/service/library.go:399.47,404.3 2 0
go-mcp-context/internal/service/library.go:406.2,406.93 1 1
go-mcp-context/internal/service/library.go:406.93,408.3 1 0
go-mcp-context/internal/service/library.go:411.2,412.32 2 1
go-mcp-context/internal/service/library.go:412.32,433.3 3 1
go-mcp-context/internal/service/library.go:435.2,440.8 1 1
go-mcp-context/internal/service/library.go:444.86,447.67 2 1
go-mcp-context/internal/service/library.go:447.67,449.3 1 1
go-mcp-context/internal/service/library.go:452.2,463.34 3 1
go-mcp-context/internal/service/library.go:463.34,465.3 1 0
go-mcp-context/internal/service/library.go:468.2,469.29 2 1
go-mcp-context/internal/service/library.go:469.29,471.3 1 1
go-mcp-context/internal/service/library.go:473.2,476.54 2 1
go-mcp-context/internal/service/library.go:476.54,483.3 1 0
go-mcp-context/internal/service/library.go:483.8,490.3 1 1
go-mcp-context/internal/service/library.go:493.2,493.50 1 1
go-mcp-context/internal/service/library.go:493.50,495.34 2 1
go-mcp-context/internal/service/library.go:495.34,502.4 1 0
go-mcp-context/internal/service/library.go:502.9,509.4 1 1
go-mcp-context/internal/service/library.go:512.2,512.22 1 1
go-mcp-context/internal/service/library.go:516.78,518.52 1 1
go-mcp-context/internal/service/library.go:518.52,520.3 1 1
go-mcp-context/internal/service/library.go:523.2,523.51 1 1
go-mcp-context/internal/service/library.go:523.51,525.3 1 1
go-mcp-context/internal/service/library.go:528.2,529.67 2 1
go-mcp-context/internal/service/library.go:529.67,531.3 1 1
go-mcp-context/internal/service/library.go:534.2,535.37 2 1
go-mcp-context/internal/service/library.go:535.37,536.19 1 1
go-mcp-context/internal/service/library.go:536.19,538.9 2 1
go-mcp-context/internal/service/library.go:542.2,542.20 1 1
go-mcp-context/internal/service/library.go:542.20,544.3 1 1
go-mcp-context/internal/service/library.go:547.2,550.35 2 1
go-mcp-context/internal/service/library.go:550.35,552.3 1 0
go-mcp-context/internal/service/library.go:555.2,558.93 2 1
go-mcp-context/internal/service/library.go:558.93,560.3 1 0
go-mcp-context/internal/service/library.go:562.2,562.12 1 1
go-mcp-context/internal/service/library.go:566.78,569.67 2 1
go-mcp-context/internal/service/library.go:569.67,571.3 1 1
go-mcp-context/internal/service/library.go:574.2,577.35 2 1
go-mcp-context/internal/service/library.go:577.35,579.3 1 0
go-mcp-context/internal/service/library.go:581.2,581.16 1 1
go-mcp-context/internal/service/library.go:581.16,583.3 1 1
go-mcp-context/internal/service/library.go:586.2,593.40 3 1
go-mcp-context/internal/service/library.go:593.40,596.3 2 0
go-mcp-context/internal/service/library.go:599.2,600.54 1 1
go-mcp-context/internal/service/library.go:600.54,603.3 2 0
go-mcp-context/internal/service/library.go:606.2,607.55 1 1
go-mcp-context/internal/service/library.go:607.55,610.3 2 0
go-mcp-context/internal/service/library.go:613.2,614.37 2 1
go-mcp-context/internal/service/library.go:614.37,615.19 1 1
go-mcp-context/internal/service/library.go:615.19,617.4 1 0
go-mcp-context/internal/service/library.go:621.2,626.39 2 1
go-mcp-context/internal/service/library.go:626.39,627.27 1 0
go-mcp-context/internal/service/library.go:627.27,629.4 1 0
go-mcp-context/internal/service/library.go:629.9,631.4 1 0
go-mcp-context/internal/service/library.go:634.2,634.66 1 1
go-mcp-context/internal/service/library.go:634.66,637.3 2 0
go-mcp-context/internal/service/library.go:639.2,639.42 1 1
go-mcp-context/internal/service/library.go:639.42,641.3 1 0
go-mcp-context/internal/service/library.go:643.2,643.12 1 1
go-mcp-context/internal/service/library.go:647.95,653.67 3 1
go-mcp-context/internal/service/library.go:653.67,655.3 1 1
go-mcp-context/internal/service/library.go:658.2,661.35 2 1
go-mcp-context/internal/service/library.go:661.35,663.3 1 0
go-mcp-context/internal/service/library.go:665.2,665.16 1 1
go-mcp-context/internal/service/library.go:665.16,667.3 1 1
go-mcp-context/internal/service/library.go:670.2,672.38 2 1
go-mcp-context/internal/service/library.go:672.38,674.3 1 0
go-mcp-context/internal/service/library.go:677.2,688.32 4 1
go-mcp-context/internal/service/library.go:688.32,691.55 1 1
go-mcp-context/internal/service/library.go:691.55,694.4 2 0
go-mcp-context/internal/service/library.go:697.3,697.77 1 1
go-mcp-context/internal/service/library.go:697.77,700.4 2 0
go-mcp-context/internal/service/library.go:703.2,703.42 1 1
go-mcp-context/internal/service/library.go:703.42,705.3 1 0
go-mcp-context/internal/service/library.go:708.2,708.12 1 1
go-mcp-context/internal/service/library.go:708.12,714.33 5 1
go-mcp-context/internal/service/library.go:714.33,717.14 3 1
go-mcp-context/internal/service/library.go:717.14,725.19 4 1
go-mcp-context/internal/service/library.go:725.19,733.6 7 0
go-mcp-context/internal/service/library.go:734.5,736.19 3 1
go-mcp-context/internal/service/library.go:736.19,744.6 7 0
go-mcp-context/internal/service/library.go:746.5,747.83 2 1
go-mcp-context/internal/service/library.go:747.83,754.6 6 0
go-mcp-context/internal/service/library.go:756.5,758.16 3 1
go-mcp-context/internal/service/library.go:763.3,766.21 2 1
go-mcp-context/internal/service/library.go:766.21,768.4 1 1
go-mcp-context/internal/service/library.go:768.9,770.4 1 0
go-mcp-context/internal/service/library.go:772.3,772.148 1 1
go-mcp-context/internal/service/library.go:775.2,777.12 2 1
go-mcp-context/internal/service/library.go:782.141,793.67 5 1
go-mcp-context/internal/service/library.go:793.67,796.3 2 1
go-mcp-context/internal/service/library.go:799.2,801.38 2 1
go-mcp-context/internal/service/library.go:801.38,804.3 2 0
go-mcp-context/internal/service/library.go:806.2,806.25 1 1
go-mcp-context/internal/service/library.go:806.25,809.3 2 1
go-mcp-context/internal/service/library.go:811.2,836.32 10 1
go-mcp-context/internal/service/library.go:836.32,849.17 4 1
go-mcp-context/internal/service/library.go:849.17,860.12 4 0
go-mcp-context/internal/service/library.go:862.3,864.17 3 1
go-mcp-context/internal/service/library.go:864.17,875.12 4 0
go-mcp-context/internal/service/library.go:879.3,881.17 3 1
go-mcp-context/internal/service/library.go:881.17,892.12 4 0
go-mcp-context/internal/service/library.go:895.3,904.4 3 1
go-mcp-context/internal/service/library.go:908.2,908.23 1 1
go-mcp-context/internal/service/library.go:908.23,911.3 2 0
go-mcp-context/internal/service/library.go:914.2,922.33 3 1
go-mcp-context/internal/service/library.go:922.33,923.24 1 1
go-mcp-context/internal/service/library.go:923.24,926.12 2 0
go-mcp-context/internal/service/library.go:930.3,930.29 1 1
go-mcp-context/internal/service/library.go:930.29,931.71 1 1
go-mcp-context/internal/service/library.go:931.71,936.5 4 0
go-mcp-context/internal/service/library.go:941.3,943.50 1 1
go-mcp-context/internal/service/library.go:943.50,948.4 4 0
go-mcp-context/internal/service/library.go:951.3,953.49 1 1
go-mcp-context/internal/service/library.go:953.49,958.4 4 0
go-mcp-context/internal/service/library.go:961.3,965.24 1 1
go-mcp-context/internal/service/library.go:965.24,970.4 4 0
go-mcp-context/internal/service/library.go:973.2,973.42 1 1
go-mcp-context/internal/service/library.go:973.42,977.3 3 0
go-mcp-context/internal/service/library.go:980.2,980.12 1 1
go-mcp-context/internal/service/library.go:980.12,983.26 2 1
go-mcp-context/internal/service/library.go:983.26,985.4 1 0
go-mcp-context/internal/service/library.go:985.9,985.37 1 1
go-mcp-context/internal/service/library.go:985.37,987.4 1 1
go-mcp-context/internal/service/library.go:991.2,992.81 2 1
go-mcp-context/internal/service/library.go:992.81,994.3 1 0
go-mcp-context/internal/service/library.go:997.2,997.27 1 1
[...]
go-mcp-context/internal/service/mcp_handler.go:587.40,593.4 1 1
go-mcp-context/internal/service/mcp_handler.go:597.2,597.24 1 1
go-mcp-context/internal/service/mcp_handler.go:597.24,599.3 1 0
go-mcp-context/internal/service/mcp_handler.go:602.2,612.35 3 1
go-mcp-context/internal/service/processor.go:33.163,36.16 2 1
go-mcp-context/internal/service/processor.go:36.16,38.3 1 0
go-mcp-context/internal/service/processor.go:41.2,45.22 3 1
go-mcp-context/internal/service/processor.go:45.22,47.3 1 1
go-mcp-context/internal/service/processor.go:48.2,51.23 2 1
go-mcp-context/internal/service/processor.go:51.23,53.48 2 1
go-mcp-context/internal/service/processor.go:53.48,55.4 1 0
go-mcp-context/internal/service/processor.go:59.2,61.31 3 1
go-mcp-context/internal/service/processor.go:61.31,63.3 1 1
go-mcp-context/internal/service/processor.go:65.2,66.16 2 1
go-mcp-context/internal/service/processor.go:66.16,68.3 1 0
go-mcp-context/internal/service/processor.go:71.2,72.24 2 1
go-mcp-context/internal/service/processor.go:72.24,73.26 1 1
go-mcp-context/internal/service/processor.go:73.26,75.4 1 1
go-mcp-context/internal/service/processor.go:76.3,76.34 1 1
go-mcp-context/internal/service/processor.go:79.2,79.33 1 1
go-mcp-context/internal/service/processor.go:84.126,89.16 3 1
go-mcp-context/internal/service/processor.go:89.16,92.3 2 0
go-mcp-context/internal/service/processor.go:93.2,93.22 1 1
go-mcp-context/internal/service/processor.go:93.22,95.3 1 1
go-mcp-context/internal/service/processor.go:98.2,98.69 1 1
go-mcp-context/internal/service/processor.go:98.69,101.3 2 0
go-mcp-context/internal/service/processor.go:104.2,107.50 4 1
go-mcp-context/internal/service/processor.go:107.50,109.3 1 0
go-mcp-context/internal/service/processor.go:112.2,113.89 2 1
go-mcp-context/internal/service/processor.go:113.89,115.3 1 0
go-mcp-context/internal/service/processor.go:117.2,119.12 2 1
go-mcp-context/internal/service/processor.go:125.189,128.16 3 1
go-mcp-context/internal/service/processor.go:128.16,130.3 1 0
go-mcp-context/internal/service/processor.go:131.2,131.22 1 1
go-mcp-context/internal/service/processor.go:131.22,133.3 1 0
go-mcp-context/internal/service/processor.go:136.2,136.24 1 1
go-mcp-context/internal/service/processor.go:136.24,139.3 2 1
go-mcp-context/internal/service/processor.go:141.2,141.33 1 1
go-mcp-context/internal/service/processor.go:145.92,146.18 1 1
go-mcp-context/internal/service/processor.go:147.18,148.30 1 1
go-mcp-context/internal/service/processor.go:149.13,151.30 1 1
go-mcp-context/internal/service/processor.go:152.14,154.30 1 1
go-mcp-context/internal/service/processor.go:155.17,157.30 1 1
go-mcp-context/internal/service/processor.go:158.10,159.30 1 1
go-mcp-context/internal/service/processor.go:171.127,173.20 2 1
go-mcp-context/internal/service/processor.go:173.20,175.3 1 0
go-mcp-context/internal/service/processor.go:178.2,183.35 4 1
go-mcp-context/internal/service/processor.go:183.35,185.20 2 1
go-mcp-context/internal/service/processor.go:185.20,186.12 1 1
go-mcp-context/internal/service/processor.go:189.3,192.33 2 1
go-mcp-context/internal/service/processor.go:192.33,196.12 4 1
go-mcp-context/internal/service/processor.go:200.3,202.31 3 1
go-mcp-context/internal/service/processor.go:205.2,206.15 2 1
go-mcp-context/internal/service/processor.go:211.86,226.35 7 1
go-mcp-context/internal/service/processor.go:226.35,227.50 1 1
go-mcp-context/internal/service/processor.go:227.50,229.4 1 1
go-mcp-context/internal/service/processor.go:232.2,232.23 1 1
go-mcp-context/internal/service/processor.go:232.23,235.3 1 1
go-mcp-context/internal/service/processor.go:238.2,238.23 1 1
go-mcp-context/internal/service/processor.go:238.23,240.19 2 0
go-mcp-context/internal/service/processor.go:240.19,245.4 1 0
go-mcp-context/internal/service/processor.go:249.2,249.32 1 1
go-mcp-context/internal/service/processor.go:249.32,257.35 5 1
go-mcp-context/internal/service/processor.go:257.35,259.4 1 1
go-mcp-context/internal/service/processor.go:263.3,265.94 2 1
go-mcp-context/internal/service/processor.go:265.94,267.4 1 1
go-mcp-context/internal/service/processor.go:269.3,270.25 2 1
go-mcp-context/internal/service/processor.go:270.25,272.4 1 1
go-mcp-context/internal/service/processor.go:272.9,274.4 1 1
go-mcp-context/internal/service/processor.go:277.3,278.32 2 1
go-mcp-context/internal/service/processor.go:278.32,280.4 1 1
go-mcp-context/internal/service/processor.go:284.3,284.20 1 1
go-mcp-context/internal/service/processor.go:284.20,289.4 1 1
go-mcp-context/internal/service/processor.go:292.2,292.17 1 1
go-mcp-context/internal/service/processor.go:296.71,300.32 4 1
go-mcp-context/internal/service/processor.go:300.32,302.3 1 1
go-mcp-context/internal/service/processor.go:303.2,303.15 1 1
go-mcp-context/internal/service/processor.go:307.74,308.27 1 1
go-mcp-context/internal/service/processor.go:308.27,309.32 1 1
go-mcp-context/internal/service/processor.go:309.32,311.4 1 0
go-mcp-context/internal/service/processor.go:313.2,313.14 1 1
go-mcp-context/internal/service/processor.go:317.63,319.28 2 1
go-mcp-context/internal/service/processor.go:319.28,321.3 1 1
go-mcp-context/internal/service/processor.go:322.2,322.15 1 1
go-mcp-context/internal/service/processor.go:328.189,347.25 4 1
go-mcp-context/internal/service/processor.go:347.25,352.3 2 1
go-mcp-context/internal/service/processor.go:352.8,356.29 2 1
go-mcp-context/internal/service/processor.go:356.29,358.4 1 1
go-mcp-context/internal/service/processor.go:359.3,359.28 1 1
go-mcp-context/internal/service/processor.go:362.2,362.14 1 1
go-mcp-context/internal/service/processor.go:366.205,376.29 6 1
go-mcp-context/internal/service/processor.go:376.29,378.17 2 1
go-mcp-context/internal/service/processor.go:378.17,379.12 1 0
go-mcp-context/internal/service/processor.go:382.3,385.29 2 1
go-mcp-context/internal/service/processor.go:385.29,387.30 1 1
go-mcp-context/internal/service/processor.go:387.30,393.5 5 1
go-mcp-context/internal/service/processor.go:395.4,398.12 4 1
go-mcp-context/internal/service/processor.go:402.3,402.64 1 1
go-mcp-context/internal/service/processor.go:402.64,408.4 5 0
go-mcp-context/internal/service/processor.go:410.3,410.29 1 1
go-mcp-context/internal/service/processor.go:410.29,412.4 1 1
go-mcp-context/internal/service/processor.go:413.3,414.30 2 1
go-mcp-context/internal/service/processor.go:417.2,417.28 1 1
go-mcp-context/internal/service/processor.go:417.28,420.3 2 0
go-mcp-context/internal/service/processor.go:422.2,422.15 1 1
go-mcp-context/internal/service/processor.go:426.66,429.23 3 1
go-mcp-context/internal/service/processor.go:429.23,431.3 1 0
go-mcp-context/internal/service/processor.go:433.2,433.41 1 1
go-mcp-context/internal/service/processor.go:437.64,441.22 3 1
go-mcp-context/internal/service/processor.go:441.22,443.3 1 1
go-mcp-context/internal/service/processor.go:444.2,444.19 1 0
go-mcp-context/internal/service/processor.go:448.85,450.26 2 1
go-mcp-context/internal/service/processor.go:450.26,452.43 2 1
go-mcp-context/internal/service/processor.go:452.43,454.4 1 1
go-mcp-context/internal/service/processor.go:456.2,456.21 1 1
go-mcp-context/internal/service/processor.go:456.21,458.3 1 1
go-mcp-context/internal/service/processor.go:459.2,459.35 1 1
go-mcp-context/internal/service/processor.go:463.66,470.26 4 1
go-mcp-context/internal/service/processor.go:470.26,473.3 1 1
go-mcp-context/internal/service/processor.go:475.2,476.35 2 1
go-mcp-context/internal/service/processor.go:476.35,478.25 1 1
go-mcp-context/internal/service/processor.go:478.25,480.55 2 1
go-mcp-context/internal/service/processor.go:480.55,482.19 2 1
go-mcp-context/internal/service/processor.go:482.19,484.6 1 1
go-mcp-context/internal/service/processor.go:488.3,489.22 2 1
go-mcp-context/internal/service/processor.go:489.22,491.4 1 1
go-mcp-context/internal/service/processor.go:492.3,492.21 1 1
go-mcp-context/internal/service/processor.go:496.2,496.25 1 1
go-mcp-context/internal/service/processor.go:496.25,498.53 2 1
go-mcp-context/internal/service/processor.go:498.53,500.18 2 1
go-mcp-context/internal/service/processor.go:500.18,502.5 1 1
go-mcp-context/internal/service/processor.go:506.2,506.14 1 1
go-mcp-context/internal/service/processor.go:510.65,514.18 2 1
go-mcp-context/internal/service/processor.go:514.18,516.3 1 1
go-mcp-context/internal/service/processor.go:517.2,517.15 1 1
go-mcp-context/internal/service/processor.go:521.58,524.16 2 1
go-mcp-context/internal/service/processor.go:524.16,527.3 1 0
go-mcp-context/internal/service/processor.go:528.2,529.20 2 1
go-mcp-context/internal/service/processor.go:534.125,535.12 1 1
go-mcp-context/internal/service/processor.go:535.12,536.68 1 1
go-mcp-context/internal/service/processor.go:536.68,542.4 5 0
go-mcp-context/internal/service/processor.go:542.9,545.4 1 1
go-mcp-context/internal/service/processor.go:552.190,561.16 6 1
go-mcp-context/internal/service/processor.go:561.16,568.3 6 0
go-mcp-context/internal/service/processor.go:571.2,577.22 5 1
go-mcp-context/internal/service/processor.go:577.22,584.3 6 1
go-mcp-context/internal/service/processor.go:585.2,588.23 2 1
go-mcp-context/internal/service/processor.go:588.23,591.48 3 1
go-mcp-context/internal/service/processor.go:591.48,593.4 1 0
go-mcp-context/internal/service/processor.go:597.2,600.31 4 1
go-mcp-context/internal/service/processor.go:600.31,602.3 1 1
go-mcp-context/internal/service/processor.go:604.2,605.16 2 1
go-mcp-context/internal/service/processor.go:605.16,612.3 6 0
go-mcp-context/internal/service/processor.go:615.2,616.31 2 1
go-mcp-context/internal/service/processor.go:616.31,617.26 1 1
go-mcp-context/internal/service/processor.go:617.26,619.4 1 1
go-mcp-context/internal/service/processor.go:622.2,622.69 1 1
go-mcp-context/internal/service/processor.go:622.69,628.3 5 0
go-mcp-context/internal/service/processor.go:631.2,632.31 2 1
go-mcp-context/internal/service/processor.go:632.31,634.3 1 1
go-mcp-context/internal/service/processor.go:637.2,640.50 4 1
go-mcp-context/internal/service/processor.go:640.50,642.3 1 0
go-mcp-context/internal/service/processor.go:645.2,646.89 2 1
go-mcp-context/internal/service/processor.go:646.89,648.3 1 0
go-mcp-context/internal/service/processor.go:650.2,652.17 2 1
go-mcp-context/internal/service/processor.go:652.17,654.3 1 1
go-mcp-context/internal/service/processor.go:654.8,656.3 1 0
go-mcp-context/internal/service/processor.go:657.2,657.119 1 1
go-mcp-context/internal/service/processor.go:666.68,693.2 13 1
go-mcp-context/internal/service/processor.go:702.81,712.31 4 1
go-mcp-context/internal/service/processor.go:712.31,713.32 1 1
go-mcp-context/internal/service/processor.go:713.32,715.12 2 1
go-mcp-context/internal/service/processor.go:717.3,717.58 1 1
go-mcp-context/internal/service/processor.go:720.2,720.21 1 1
go-mcp-context/internal/service/processor.go:720.21,722.3 1 1
go-mcp-context/internal/service/processor.go:725.2,730.35 4 1
go-mcp-context/internal/service/processor.go:730.35,732.13 2 1
go-mcp-context/internal/service/processor.go:732.13,734.31 2 1
go-mcp-context/internal/service/processor.go:734.31,741.19 3 1
go-mcp-context/internal/service/processor.go:741.19,743.14 2 0
go-mcp-context/internal/service/processor.go:746.5,746.27 1 1
go-mcp-context/internal/service/processor.go:746.27,748.6 1 1
go-mcp-context/internal/service/processor.go:749.5,749.33 1 1
go-mcp-context/internal/service/processor.go:749.33,751.6 1 1
go-mcp-context/internal/service/processor.go:753.5,753.81 1 1
go-mcp-context/internal/service/processor.go:759.2,759.29 1 1
go-mcp-context/internal/service/processor.go:759.29,761.3 1 1
go-mcp-context/internal/service/processor.go:762.2,765.12 3 1
go-mcp-context/internal/service/search.go:33.86,34.25 1 1
go-mcp-context/internal/service/search.go:34.25,36.3 1 0
go-mcp-context/internal/service/search.go:38.2,39.51 2 1
go-mcp-context/internal/service/search.go:63.94,69.15 4 1
go-mcp-context/internal/service/search.go:69.15,71.3 1 1
go-mcp-context/internal/service/search.go:72.2,72.16 1 1
go-mcp-context/internal/service/search.go:72.16,74.3 1 1
go-mcp-context/internal/service/search.go:75.2,75.16 1 1
go-mcp-context/internal/service/search.go:75.16,77.3 1 1
go-mcp-context/internal/service/search.go:80.2,85.22 4 1
go-mcp-context/internal/service/search.go:85.22,88.3 1 1
go-mcp-context/internal/service/search.go:88.8,91.3 1 1
go-mcp-context/internal/service/search.go:92.2,92.16 1 1
go-mcp-context/internal/service/search.go:92.16,94.3 1 1
go-mcp-context/internal/service/search.go:97.2,100.20 4 1
go-mcp-context/internal/service/search.go:100.20,108.3 1 1
go-mcp-context/internal/service/search.go:109.2,109.17 1 1
go-mcp-context/internal/service/search.go:109.17,111.3 1 1
go-mcp-context/internal/service/search.go:113.2,115.42 3 1
go-mcp-context/internal/service/search.go:115.42,131.34 2 1
go-mcp-context/internal/service/search.go:131.34,133.4 1 1
go-mcp-context/internal/service/search.go:134.3,135.42 2 1
go-mcp-context/internal/service/search.go:139.2,139.23 1 1
go-mcp-context/internal/service/search.go:139.23,140.23 1 1
go-mcp-context/internal/service/search.go:140.23,144.4 1 1
go-mcp-context/internal/service/search.go:147.2,153.8 1 1
go-mcp-context/internal/service/search.go:157.165,172.20 3 1
go-mcp-context/internal/service/search.go:172.20,174.3 1 1
go-mcp-context/internal/service/search.go:174.8,174.27 1 1
go-mcp-context/internal/service/search.go:174.27,176.3 1 1
go-mcp-context/internal/service/search.go:178.2,182.50 2 1
go-mcp-context/internal/service/search.go:182.50,184.3 1 0
go-mcp-context/internal/service/search.go:186.2,187.27 2 1
go-mcp-context/internal/service/search.go:187.27,190.21 2 1
go-mcp-context/internal/service/search.go:190.21,192.4 1 0
go-mcp-context/internal/service/search.go:193.3,197.4 1 1
go-mcp-context/internal/service/search.go:200.2,200.21 1 1
go-mcp-context/internal/service/search.go:204.154,223.20 3 1
go-mcp-context/internal/service/search.go:223.20,225.3 1 1
go-mcp-context/internal/service/search.go:225.8,225.27 1 1
go-mcp-context/internal/service/search.go:225.27,227.3 1 1
go-mcp-context/internal/service/search.go:229.2,229.53 1 1
go-mcp-context/internal/service/search.go:229.53,231.3 1 0
go-mcp-context/internal/service/search.go:233.2,234.27 2 1
go-mcp-context/internal/service/search.go:234.27,240.3 1 0
go-mcp-context/internal/service/search.go:242.2,242.21 1 1
go-mcp-context/internal/service/search.go:246.104,253.2 3 1
go-mcp-context/internal/service/search.go:281.41,285.29 3 1
go-mcp-context/internal/service/search.go:285.29,287.17 2 1
go-mcp-context/internal/service/search.go:287.17,289.4 1 1
go-mcp-context/internal/service/search.go:292.2,292.15 1 1
go-mcp-context/internal/service/search.go:296.126,308.2 4 1
go-mcp-context/internal/service/search.go:311.131,312.43 1 1
go-mcp-context/internal/service/search.go:312.43,314.3 1 1
go-mcp-context/internal/service/search.go:318.122,321.16 2 1
go-mcp-context/internal/service/search.go:321.16,323.3 1 1
go-mcp-context/internal/service/search.go:326.2,327.16 2 1
go-mcp-context/internal/service/search.go:327.16,329.3 1 0
go-mcp-context/internal/service/search.go:332.2,333.16 2 1
go-mcp-context/internal/service/search.go:333.16,335.3 1 0
go-mcp-context/internal/service/search.go:338.2,338.58 1 1
go-mcp-context/internal/service/search.go:344.97,348.2 3 1
go-mcp-context/internal/service/search.go:353.84,355.2 1 1
go-mcp-context/internal/service/search.go:358.96,359.26 1 1
go-mcp-context/internal/service/search.go:359.26,361.3 1 1
go-mcp-context/internal/service/search.go:364.2,365.39 2 1
go-mcp-context/internal/service/search.go:365.39,367.21 2 1
go-mcp-context/internal/service/search.go:368.17,369.33 1 1
go-mcp-context/internal/service/search.go:370.15,371.31 1 0
go-mcp-context/internal/service/search.go:372.11,373.12 1 0
go-mcp-context/internal/service/search.go:376.3,376.13 1 1
go-mcp-context/internal/service/search.go:376.13,378.4 1 1
go-mcp-context/internal/service/search.go:378.9,379.24 1 1
go-mcp-context/internal/service/search.go:379.24,381.5 1 1
go-mcp-context/internal/service/search.go:382.4,382.24 1 1
go-mcp-context/internal/service/search.go:382.24,384.5 1 0
go-mcp-context/internal/service/search.go:389.2,389.26 1 1
go-mcp-context/internal/service/search.go:389.26,391.3 1 1
go-mcp-context/internal/service/search.go:394.2,394.28 1 1
go-mcp-context/internal/service/search.go:394.28,396.21 2 1
go-mcp-context/internal/service/search.go:397.17,398.38 1 1
go-mcp-context/internal/service/search.go:399.15,400.36 1 0
go-mcp-context/internal/service/search.go:401.11,402.12 1 0
go-mcp-context/internal/service/search.go:404.3,404.55 1 1
go-mcp-context/internal/service/search.go:409.99,414.45 3 1
go-mcp-context/internal/service/search.go:414.45,416.3 1 1
go-mcp-context/internal/service/search.go:418.2,418.43 1 1
go-mcp-context/internal/service/search.go:418.43,420.3 1 0
go-mcp-context/internal/service/search.go:423.2,426.42 2 1
go-mcp-context/internal/service/search.go:426.42,429.3 2 1
go-mcp-context/internal/service/search.go:432.2,432.40 1 1
go-mcp-context/internal/service/search.go:432.40,433.59 1 0
go-mcp-context/internal/service/search.go:433.59,435.4 1 0
go-mcp-context/internal/service/search.go:435.9,438.4 2 0
go-mcp-context/internal/service/search.go:442.2,443.33 2 1
go-mcp-context/internal/service/search.go:443.33,444.43 1 1
go-mcp-context/internal/service/search.go:444.43,446.4 1 1
go-mcp-context/internal/service/search.go:448.2,448.25 1 1
go-mcp-context/internal/service/search.go:448.25,450.3 1 1
go-mcp-context/internal/service/search.go:453.2,454.41 2 1
go-mcp-context/internal/service/search.go:454.41,458.62 2 1
go-mcp-context/internal/service/search.go:458.62,460.4 1 1
go-mcp-context/internal/service/search.go:463.3,463.60 1 1
go-mcp-context/internal/service/search.go:463.60,465.4 1 0
go-mcp-context/internal/service/search.go:468.3,473.46 5 1
go-mcp-context/internal/service/search.go:477.2,477.45 1 1
go-mcp-context/internal/service/search.go:477.45,479.3 1 1
go-mcp-context/internal/service/search.go:481.2,481.19 1 1
go-mcp-context/internal/service/search.go:485.136,496.31 4 1
go-mcp-context/internal/service/search.go:496.31,498.21 2 1
go-mcp-context/internal/service/search.go:498.21,502.4 3 1
go-mcp-context/internal/service/search.go:506.2,506.12 1 1
go-mcp-context/internal/service/search.go:506.12,509.3 2 1
go-mcp-context/internal/service/search.go:512.2,513.33 2 1
go-mcp-context/internal/service/search.go:513.33,514.24 1 1
go-mcp-context/internal/service/search.go:514.24,517.12 2 0
go-mcp-context/internal/service/search.go:519.3,519.33 1 1
go-mcp-context/internal/service/search.go:519.33,521.4 1 1
go-mcp-context/internal/service/search.go:524.2,524.26 1 1
go-mcp-context/internal/service/search.go:524.26,526.3 1 1
go-mcp-context/internal/service/search.go:529.2,529.48 1 1
go-mcp-context/internal/service/search.go:535.97,540.38 3 1
go-mcp-context/internal/service/search.go:540.38,541.40 1 1
go-mcp-context/internal/service/search.go:541.40,547.51 3 1
go-mcp-context/internal/service/search.go:547.51,550.5 2 1
go-mcp-context/internal/service/search.go:555.2,556.41 2 1
go-mcp-context/internal/service/search.go:556.41,559.3 2 1
go-mcp-context/internal/service/search.go:562.2,562.45 1 1
go-mcp-context/internal/service/search.go:562.45,564.3 1 1
go-mcp-context/internal/service/search.go:566.2,566.19 1 1
go-mcp-context/internal/service/stats.go:21.83,24.103 2 1
go-mcp-context/internal/service/stats.go:24.103,26.3 1 1
go-mcp-context/internal/service/stats.go:30.85,36.46 2 1
go-mcp-context/internal/service/stats.go:36.46,38.3 1 0
go-mcp-context/internal/service/stats.go:41.2,44.46 1 1
go-mcp-context/internal/service/stats.go:44.46,46.3 1 0
go-mcp-context/internal/service/stats.go:49.2,56.37 2 1
go-mcp-context/internal/service/stats.go:56.37,58.3 1 0
go-mcp-context/internal/service/stats.go:59.2,69.36 3 1
go-mcp-context/internal/service/stats.go:69.36,71.3 1 0
go-mcp-context/internal/service/stats.go:72.2,74.21 2 1
